15:42:45.577 debug: 12/15/2025, 3:42:45 PM
15:42:45.577 debug: Project: C:\Users\PC\Desktop\Slot_Assignment
15:42:45.577 debug: Targets: editor,preview
15:42:45.580 debug: Incremental file seems great.
15:42:45.580 debug: Engine path: C:\ProgramData\cocos\editors\Creator\3.8.7\resources\resources\3d\engine
15:42:45.587 debug: Initializing target [Editor]
15:42:45.587 debug: Loading cache
15:42:45.588 debug: Loading cache costs 0.4864000000006854ms.
15:42:45.588 debug: Engine features shipped in editor: base,gfx-webgl,gfx-webgl2,gfx-empty,gfx-webgpu,3d,animation,skeletal-animation,2d,rich-text,mask,graphics,ui-skew,ui,affine-transform,sorting-2d,particle,particle-2d,physics-framework,physics-cannon,physics-physx,physics-ammo,physics-builtin,physics-2d-framework,physics-2d-box2d-jsb,physics-2d-box2d,physics-2d-builtin,physics-2d-box2d-wasm,intersection-2d,primitive,profiler,occlusion-query,geometry-renderer,debug-renderer,audio,video,xr,light-probe,terrain,webview,tween,tiled-map,vendor-google,spine-3.8,spine-4.2,dragon-bones,marionette,procedural-animation,custom-pipeline,custom-pipeline-builtin-scripts,custom-pipeline-post-process,legacy-pipeline,websocket,websocket-server,meshopt
15:42:45.588 debug: Our import map(foo:/bar): {
  "imports": {
    "cc": "cce:/internal/x/cc"
  }
}
15:42:45.588 debug: Initializing target [Preview]
15:42:45.588 debug: Loading cache
15:42:45.589 debug: Loading cache costs 0.5351999999993495ms.
15:42:45.589 debug: Our import map(foo:/bar): {
  "imports": {
    "cc": "cce:/internal/x/cc"
  }
}
15:42:45.622 debug: Sync engine features: 2d,affine-transform,animation,audio,base,custom-pipeline,dragon-bones,gfx-webgl,gfx-webgl2,graphics,intersection-2d,mask,particle-2d,physics-2d-box2d,profiler,rich-text,spine-3.8,tiled-map,tween,ui,video,webview
15:42:45.624 debug: Reset databases. Enumerated domains: [
  {
    "root": "db://internal/",
    "physical": "C:\\ProgramData\\cocos\\editors\\Creator\\3.8.7\\resources\\resources\\3d\\engine\\editor\\assets"
  },
  {
    "root": "db://assets/",
    "physical": "C:\\Users\\PC\\Desktop\\Slot_Assignment\\assets"
  }
]
15:42:45.624 debug: Our import map(foo:/bar): {
  "imports": {
    "cc": "cce:/internal/x/cc",
    "db://internal/": "file:///C:/ProgramData/cocos/editors/Creator/3.8.7/resources/resources/3d/engine/editor/assets/",
    "db://assets/": "file:///C:/Users/PC/Desktop/Slot_Assignment/assets/"
  }
}
15:42:45.625 debug: Our import map(foo:/bar): {
  "imports": {
    "cc": "cce:/internal/x/cc",
    "db://internal/": "file:///C:/ProgramData/cocos/editors/Creator/3.8.7/resources/resources/3d/engine/editor/assets/",
    "db://assets/": "file:///C:/Users/PC/Desktop/Slot_Assignment/assets/"
  }
}
15:42:45.626 debug: Pulling asset-db.
15:42:45.627 debug: Fetch asset-db cost: 1.6711000000004788ms.
15:42:45.628 debug: Build iteration starts.
Number of accumulated asset changes: 0
Feature changed: false
15:42:45.628 debug: Target(editor) build started.
15:42:45.631 debug: Detected change: cce:/internal/x/cc. Last mtime: Thu Jan 01 1970 02:00:06 GMT+0200 (Eastern European Standard Time), Current mtime: Thu Jan 01 1970 02:00:04 GMT+0200 (Eastern European Standard Time)
15:42:45.631 debug: Inspect cce:/internal/x/cc
15:42:45.667 debug: transform url: 'cce:/internal/x/cc' costs: 36.20 ms
15:42:45.668 debug: Resolve cce:/internal/x/cc-fu/base from cce:/internal/x/cc as external dependency cce:/internal/x/cc-fu/base.
15:42:45.668 debug: Resolve cce:/internal/x/cc-fu/gfx-webgl from cce:/internal/x/cc as external dependency cce:/internal/x/cc-fu/gfx-webgl.
15:42:45.669 debug: Resolve cce:/internal/x/cc-fu/gfx-webgl2 from cce:/internal/x/cc as external dependency cce:/internal/x/cc-fu/gfx-webgl2.
15:42:45.669 debug: Resolve cce:/internal/x/cc-fu/gfx-empty from cce:/internal/x/cc as external dependency cce:/internal/x/cc-fu/gfx-empty.
15:42:45.669 debug: Resolve cce:/internal/x/cc-fu/gfx-webgpu from cce:/internal/x/cc as external dependency cce:/internal/x/cc-fu/gfx-webgpu.
15:42:45.669 debug: Resolve cce:/internal/x/cc-fu/3d from cce:/internal/x/cc as external dependency cce:/internal/x/cc-fu/3d.
15:42:45.669 debug: Resolve cce:/internal/x/cc-fu/animation from cce:/internal/x/cc as external dependency cce:/internal/x/cc-fu/animation.
15:42:45.669 debug: Resolve cce:/internal/x/cc-fu/skeletal-animation from cce:/internal/x/cc as external dependency cce:/internal/x/cc-fu/skeletal-animation.
15:42:45.669 debug: Resolve cce:/internal/x/cc-fu/2d from cce:/internal/x/cc as external dependency cce:/internal/x/cc-fu/2d.
15:42:45.669 debug: Resolve cce:/internal/x/cc-fu/sorting from cce:/internal/x/cc as external dependency cce:/internal/x/cc-fu/sorting.
15:42:45.669 debug: Resolve cce:/internal/x/cc-fu/rich-text from cce:/internal/x/cc as external dependency cce:/internal/x/cc-fu/rich-text.
15:42:45.669 debug: Resolve cce:/internal/x/cc-fu/mask from cce:/internal/x/cc as external dependency cce:/internal/x/cc-fu/mask.
15:42:45.669 debug: Resolve cce:/internal/x/cc-fu/graphics from cce:/internal/x/cc as external dependency cce:/internal/x/cc-fu/graphics.
15:42:45.669 debug: Resolve cce:/internal/x/cc-fu/ui-skew from cce:/internal/x/cc as external dependency cce:/internal/x/cc-fu/ui-skew.
15:42:45.669 debug: Resolve cce:/internal/x/cc-fu/ui from cce:/internal/x/cc as external dependency cce:/internal/x/cc-fu/ui.
15:42:45.669 debug: Resolve cce:/internal/x/cc-fu/affine-transform from cce:/internal/x/cc as external dependency cce:/internal/x/cc-fu/affine-transform.
15:42:45.669 debug: Resolve cce:/internal/x/cc-fu/sorting-2d from cce:/internal/x/cc as external dependency cce:/internal/x/cc-fu/sorting-2d.
15:42:45.669 debug: Resolve cce:/internal/x/cc-fu/particle from cce:/internal/x/cc as external dependency cce:/internal/x/cc-fu/particle.
15:42:45.669 debug: Resolve cce:/internal/x/cc-fu/particle-2d from cce:/internal/x/cc as external dependency cce:/internal/x/cc-fu/particle-2d.
15:42:45.669 debug: Resolve cce:/internal/x/cc-fu/physics-framework from cce:/internal/x/cc as external dependency cce:/internal/x/cc-fu/physics-framework.
15:42:45.669 debug: Resolve cce:/internal/x/cc-fu/physics-cannon from cce:/internal/x/cc as external dependency cce:/internal/x/cc-fu/physics-cannon.
15:42:45.669 debug: Resolve cce:/internal/x/cc-fu/physics-physx from cce:/internal/x/cc as external dependency cce:/internal/x/cc-fu/physics-physx.
15:42:45.669 debug: Resolve cce:/internal/x/cc-fu/physics-ammo from cce:/internal/x/cc as external dependency cce:/internal/x/cc-fu/physics-ammo.
15:42:45.669 debug: Resolve cce:/internal/x/cc-fu/physics-builtin from cce:/internal/x/cc as external dependency cce:/internal/x/cc-fu/physics-builtin.
15:42:45.669 debug: Resolve cce:/internal/x/cc-fu/physics-2d-framework from cce:/internal/x/cc as external dependency cce:/internal/x/cc-fu/physics-2d-framework.
15:42:45.669 debug: Resolve cce:/internal/x/cc-fu/physics-2d-box2d-jsb from cce:/internal/x/cc as external dependency cce:/internal/x/cc-fu/physics-2d-box2d-jsb.
15:42:45.669 debug: Resolve cce:/internal/x/cc-fu/physics-2d-box2d from cce:/internal/x/cc as external dependency cce:/internal/x/cc-fu/physics-2d-box2d.
15:42:45.669 debug: Resolve cce:/internal/x/cc-fu/physics-2d-builtin from cce:/internal/x/cc as external dependency cce:/internal/x/cc-fu/physics-2d-builtin.
15:42:45.669 debug: Resolve cce:/internal/x/cc-fu/physics-2d-box2d-wasm from cce:/internal/x/cc as external dependency cce:/internal/x/cc-fu/physics-2d-box2d-wasm.
15:42:45.669 debug: Resolve cce:/internal/x/cc-fu/intersection-2d from cce:/internal/x/cc as external dependency cce:/internal/x/cc-fu/intersection-2d.
15:42:45.669 debug: Resolve cce:/internal/x/cc-fu/primitive from cce:/internal/x/cc as external dependency cce:/internal/x/cc-fu/primitive.
15:42:45.669 debug: Resolve cce:/internal/x/cc-fu/profiler from cce:/internal/x/cc as external dependency cce:/internal/x/cc-fu/profiler.
15:42:45.669 debug: Resolve cce:/internal/x/cc-fu/geometry-renderer from cce:/internal/x/cc as external dependency cce:/internal/x/cc-fu/geometry-renderer.
15:42:45.669 debug: Resolve cce:/internal/x/cc-fu/audio from cce:/internal/x/cc as external dependency cce:/internal/x/cc-fu/audio.
15:42:45.669 debug: Resolve cce:/internal/x/cc-fu/video from cce:/internal/x/cc as external dependency cce:/internal/x/cc-fu/video.
15:42:45.669 debug: Resolve cce:/internal/x/cc-fu/xr from cce:/internal/x/cc as external dependency cce:/internal/x/cc-fu/xr.
15:42:45.669 debug: Resolve cce:/internal/x/cc-fu/light-probe from cce:/internal/x/cc as external dependency cce:/internal/x/cc-fu/light-probe.
15:42:45.669 debug: Resolve cce:/internal/x/cc-fu/terrain from cce:/internal/x/cc as external dependency cce:/internal/x/cc-fu/terrain.
15:42:45.669 debug: Resolve cce:/internal/x/cc-fu/webview from cce:/internal/x/cc as external dependency cce:/internal/x/cc-fu/webview.
15:42:45.669 debug: Resolve cce:/internal/x/cc-fu/tween from cce:/internal/x/cc as external dependency cce:/internal/x/cc-fu/tween.
15:42:45.670 debug: Resolve cce:/internal/x/cc-fu/tiled-map from cce:/internal/x/cc as external dependency cce:/internal/x/cc-fu/tiled-map.
15:42:45.670 debug: Resolve cce:/internal/x/cc-fu/vendor-google from cce:/internal/x/cc as external dependency cce:/internal/x/cc-fu/vendor-google.
15:42:45.670 debug: Resolve cce:/internal/x/cc-fu/spine from cce:/internal/x/cc as external dependency cce:/internal/x/cc-fu/spine.
15:42:45.670 debug: Resolve cce:/internal/x/cc-fu/dragon-bones from cce:/internal/x/cc as external dependency cce:/internal/x/cc-fu/dragon-bones.
15:42:45.670 debug: Resolve cce:/internal/x/cc-fu/custom-pipeline from cce:/internal/x/cc as external dependency cce:/internal/x/cc-fu/custom-pipeline.
15:42:45.670 debug: Resolve cce:/internal/x/cc-fu/custom-pipeline-post-process from cce:/internal/x/cc as external dependency cce:/internal/x/cc-fu/custom-pipeline-post-process.
15:42:45.670 debug: Resolve cce:/internal/x/cc-fu/legacy-pipeline from cce:/internal/x/cc as external dependency cce:/internal/x/cc-fu/legacy-pipeline.
15:42:45.670 debug: Detected change: cce:/internal/x/prerequisite-imports. Last mtime: Thu Jan 01 1970 02:04:26 GMT+0200 (Eastern European Standard Time), Current mtime: Thu Jan 01 1970 02:00:04 GMT+0200 (Eastern European Standard Time)
15:42:45.670 debug: Inspect cce:/internal/x/prerequisite-imports
15:42:45.682 debug: transform url: 'cce:/internal/x/prerequisite-imports' costs: 11.70 ms
15:42:45.687 debug: Target(editor) ends with cost 58.78870000000006ms.
15:42:45.687 debug: Target(preview) build started.
15:42:45.689 debug: Detected change: cce:/internal/x/cc. Last mtime: Thu Jan 01 1970 02:00:06 GMT+0200 (Eastern European Standard Time), Current mtime: Thu Jan 01 1970 02:00:04 GMT+0200 (Eastern European Standard Time)
15:42:45.689 debug: Inspect cce:/internal/x/cc
15:42:45.711 debug: transform url: 'cce:/internal/x/cc' costs: 22.60 ms
15:42:45.712 debug: Resolve cce:/internal/x/cc-fu/2d from cce:/internal/x/cc as external dependency cce:/internal/x/cc-fu/2d.
15:42:45.712 debug: Resolve cce:/internal/x/cc-fu/sorting from cce:/internal/x/cc as external dependency cce:/internal/x/cc-fu/sorting.
15:42:45.712 debug: Resolve cce:/internal/x/cc-fu/affine-transform from cce:/internal/x/cc as external dependency cce:/internal/x/cc-fu/affine-transform.
15:42:45.712 debug: Resolve cce:/internal/x/cc-fu/animation from cce:/internal/x/cc as external dependency cce:/internal/x/cc-fu/animation.
15:42:45.712 debug: Resolve cce:/internal/x/cc-fu/audio from cce:/internal/x/cc as external dependency cce:/internal/x/cc-fu/audio.
15:42:45.712 debug: Resolve cce:/internal/x/cc-fu/base from cce:/internal/x/cc as external dependency cce:/internal/x/cc-fu/base.
15:42:45.713 debug: Resolve cce:/internal/x/cc-fu/custom-pipeline from cce:/internal/x/cc as external dependency cce:/internal/x/cc-fu/custom-pipeline.
15:42:45.713 debug: Resolve cce:/internal/x/cc-fu/dragon-bones from cce:/internal/x/cc as external dependency cce:/internal/x/cc-fu/dragon-bones.
15:42:45.713 debug: Resolve cce:/internal/x/cc-fu/gfx-webgl from cce:/internal/x/cc as external dependency cce:/internal/x/cc-fu/gfx-webgl.
15:42:45.713 debug: Resolve cce:/internal/x/cc-fu/gfx-webgl2 from cce:/internal/x/cc as external dependency cce:/internal/x/cc-fu/gfx-webgl2.
15:42:45.713 debug: Resolve cce:/internal/x/cc-fu/graphics from cce:/internal/x/cc as external dependency cce:/internal/x/cc-fu/graphics.
15:42:45.713 debug: Resolve cce:/internal/x/cc-fu/intersection-2d from cce:/internal/x/cc as external dependency cce:/internal/x/cc-fu/intersection-2d.
15:42:45.713 debug: Resolve cce:/internal/x/cc-fu/mask from cce:/internal/x/cc as external dependency cce:/internal/x/cc-fu/mask.
15:42:45.713 debug: Resolve cce:/internal/x/cc-fu/particle-2d from cce:/internal/x/cc as external dependency cce:/internal/x/cc-fu/particle-2d.
15:42:45.713 debug: Resolve cce:/internal/x/cc-fu/physics-2d-box2d from cce:/internal/x/cc as external dependency cce:/internal/x/cc-fu/physics-2d-box2d.
15:42:45.713 debug: Resolve cce:/internal/x/cc-fu/physics-2d-framework from cce:/internal/x/cc as external dependency cce:/internal/x/cc-fu/physics-2d-framework.
15:42:45.713 debug: Resolve cce:/internal/x/cc-fu/profiler from cce:/internal/x/cc as external dependency cce:/internal/x/cc-fu/profiler.
15:42:45.713 debug: Resolve cce:/internal/x/cc-fu/rich-text from cce:/internal/x/cc as external dependency cce:/internal/x/cc-fu/rich-text.
15:42:45.713 debug: Resolve cce:/internal/x/cc-fu/spine from cce:/internal/x/cc as external dependency cce:/internal/x/cc-fu/spine.
15:42:45.713 debug: Resolve cce:/internal/x/cc-fu/tiled-map from cce:/internal/x/cc as external dependency cce:/internal/x/cc-fu/tiled-map.
15:42:45.713 debug: Resolve cce:/internal/x/cc-fu/tween from cce:/internal/x/cc as external dependency cce:/internal/x/cc-fu/tween.
15:42:45.713 debug: Resolve cce:/internal/x/cc-fu/ui from cce:/internal/x/cc as external dependency cce:/internal/x/cc-fu/ui.
15:42:45.713 debug: Resolve cce:/internal/x/cc-fu/video from cce:/internal/x/cc as external dependency cce:/internal/x/cc-fu/video.
15:42:45.713 debug: Resolve cce:/internal/x/cc-fu/webview from cce:/internal/x/cc as external dependency cce:/internal/x/cc-fu/webview.
15:42:45.713 debug: Detected change: cce:/internal/x/prerequisite-imports. Last mtime: Thu Jan 01 1970 02:04:26 GMT+0200 (Eastern European Standard Time), Current mtime: Thu Jan 01 1970 02:00:04 GMT+0200 (Eastern European Standard Time)
15:42:45.713 debug: Inspect cce:/internal/x/prerequisite-imports
15:42:45.721 debug: transform url: 'cce:/internal/x/prerequisite-imports' costs: 7.70 ms
15:42:45.726 debug: Target(preview) ends with cost 38.51310000000012ms.
15:42:48.861 debug: Pulling asset-db.
15:42:49.211 debug: Fetch asset-db cost: 350.1054000000013ms.
15:42:49.212 debug: Build iteration starts.
Number of accumulated asset changes: 8
Feature changed: false
15:42:49.212 debug: Target(editor) build started.
15:42:49.217 debug: Detected change: cce:/internal/x/prerequisite-imports. Last mtime: Thu Jan 01 1970 02:00:04 GMT+0200 (Eastern European Standard Time), Current mtime: Thu Jan 01 1970 02:00:08 GMT+0200 (Eastern European Standard Time)
15:42:49.217 debug: Inspect cce:/internal/x/prerequisite-imports
15:42:49.226 debug: transform url: 'cce:/internal/x/prerequisite-imports' costs: 9.40 ms
15:42:49.227 debug: Resolve file:///C:/ProgramData/cocos/editors/Creator/3.8.7/resources/resources/3d/engine/editor/assets/default_renderpipeline/builtin-dof-pass.ts from cce:/internal/x/prerequisite-imports as file:///C:/ProgramData/cocos/editors/Creator/3.8.7/resources/resources/3d/engine/editor/assets/default_renderpipeline/builtin-dof-pass.ts.
15:42:49.228 debug: Resolve file:///C:/ProgramData/cocos/editors/Creator/3.8.7/resources/resources/3d/engine/editor/assets/default_renderpipeline/builtin-pipeline-pass.ts from cce:/internal/x/prerequisite-imports as file:///C:/ProgramData/cocos/editors/Creator/3.8.7/resources/resources/3d/engine/editor/assets/default_renderpipeline/builtin-pipeline-pass.ts.
15:42:49.228 debug: Resolve file:///C:/ProgramData/cocos/editors/Creator/3.8.7/resources/resources/3d/engine/editor/assets/default_renderpipeline/builtin-pipeline-settings.ts from cce:/internal/x/prerequisite-imports as file:///C:/ProgramData/cocos/editors/Creator/3.8.7/resources/resources/3d/engine/editor/assets/default_renderpipeline/builtin-pipeline-settings.ts.
15:42:49.229 debug: Resolve file:///C:/ProgramData/cocos/editors/Creator/3.8.7/resources/resources/3d/engine/editor/assets/default_renderpipeline/builtin-pipeline-types.ts from cce:/internal/x/prerequisite-imports as file:///C:/ProgramData/cocos/editors/Creator/3.8.7/resources/resources/3d/engine/editor/assets/default_renderpipeline/builtin-pipeline-types.ts.
15:42:49.229 debug: Resolve file:///C:/ProgramData/cocos/editors/Creator/3.8.7/resources/resources/3d/engine/editor/assets/default_renderpipeline/builtin-pipeline.ts from cce:/internal/x/prerequisite-imports as file:///C:/ProgramData/cocos/editors/Creator/3.8.7/resources/resources/3d/engine/editor/assets/default_renderpipeline/builtin-pipeline.ts.
15:42:49.230 debug: Resolve file:///C:/ProgramData/cocos/editors/Creator/3.8.7/resources/resources/3d/engine/editor/assets/tools/debug-view-runtime-control.ts from cce:/internal/x/prerequisite-imports as file:///C:/ProgramData/cocos/editors/Creator/3.8.7/resources/resources/3d/engine/editor/assets/tools/debug-view-runtime-control.ts.
15:42:49.230 debug: Resolve file:///C:/Users/PC/Desktop/Slot_Assignment/assets/scripts/Main.ts from cce:/internal/x/prerequisite-imports as file:///C:/Users/PC/Desktop/Slot_Assignment/assets/scripts/Main.ts.
15:42:49.230 debug: Resolve file:///C:/Users/PC/Desktop/Slot_Assignment/assets/scripts/MockApi.ts from cce:/internal/x/prerequisite-imports as file:///C:/Users/PC/Desktop/Slot_Assignment/assets/scripts/MockApi.ts.
15:42:49.230 debug: Detected change: cce:/internal/code-quality/cr.mjs. Last mtime: Mon Dec 15 2025 15:37:53 GMT+0200 (Eastern European Standard Time), Current mtime: Mon Dec 15 2025 15:42:40 GMT+0200 (Eastern European Standard Time)
15:42:49.231 debug: Inspect cce:/internal/code-quality/cr.mjs
15:42:49.237 debug: transform url: 'cce:/internal/code-quality/cr.mjs' costs: 6.40 ms
15:42:49.244 debug: Target(editor) ends with cost 30.110599999999977ms.
15:42:49.244 debug: Target(preview) build started.
15:42:49.246 debug: Detected change: cce:/internal/x/prerequisite-imports. Last mtime: Thu Jan 01 1970 02:00:04 GMT+0200 (Eastern European Standard Time), Current mtime: Thu Jan 01 1970 02:00:08 GMT+0200 (Eastern European Standard Time)
15:42:49.246 debug: Inspect cce:/internal/x/prerequisite-imports
15:42:49.254 debug: transform url: 'cce:/internal/x/prerequisite-imports' costs: 8.60 ms
15:42:49.256 debug: Resolve file:///C:/ProgramData/cocos/editors/Creator/3.8.7/resources/resources/3d/engine/editor/assets/default_renderpipeline/builtin-dof-pass.ts from cce:/internal/x/prerequisite-imports as file:///C:/ProgramData/cocos/editors/Creator/3.8.7/resources/resources/3d/engine/editor/assets/default_renderpipeline/builtin-dof-pass.ts.
15:42:49.256 debug: Resolve file:///C:/ProgramData/cocos/editors/Creator/3.8.7/resources/resources/3d/engine/editor/assets/default_renderpipeline/builtin-pipeline-pass.ts from cce:/internal/x/prerequisite-imports as file:///C:/ProgramData/cocos/editors/Creator/3.8.7/resources/resources/3d/engine/editor/assets/default_renderpipeline/builtin-pipeline-pass.ts.
15:42:49.256 debug: Resolve file:///C:/ProgramData/cocos/editors/Creator/3.8.7/resources/resources/3d/engine/editor/assets/default_renderpipeline/builtin-pipeline-settings.ts from cce:/internal/x/prerequisite-imports as file:///C:/ProgramData/cocos/editors/Creator/3.8.7/resources/resources/3d/engine/editor/assets/default_renderpipeline/builtin-pipeline-settings.ts.
15:42:49.257 debug: Resolve file:///C:/ProgramData/cocos/editors/Creator/3.8.7/resources/resources/3d/engine/editor/assets/default_renderpipeline/builtin-pipeline-types.ts from cce:/internal/x/prerequisite-imports as file:///C:/ProgramData/cocos/editors/Creator/3.8.7/resources/resources/3d/engine/editor/assets/default_renderpipeline/builtin-pipeline-types.ts.
15:42:49.257 debug: Resolve file:///C:/ProgramData/cocos/editors/Creator/3.8.7/resources/resources/3d/engine/editor/assets/default_renderpipeline/builtin-pipeline.ts from cce:/internal/x/prerequisite-imports as file:///C:/ProgramData/cocos/editors/Creator/3.8.7/resources/resources/3d/engine/editor/assets/default_renderpipeline/builtin-pipeline.ts.
15:42:49.258 debug: Resolve file:///C:/ProgramData/cocos/editors/Creator/3.8.7/resources/resources/3d/engine/editor/assets/tools/debug-view-runtime-control.ts from cce:/internal/x/prerequisite-imports as file:///C:/ProgramData/cocos/editors/Creator/3.8.7/resources/resources/3d/engine/editor/assets/tools/debug-view-runtime-control.ts.
15:42:49.258 debug: Resolve file:///C:/Users/PC/Desktop/Slot_Assignment/assets/scripts/Main.ts from cce:/internal/x/prerequisite-imports as file:///C:/Users/PC/Desktop/Slot_Assignment/assets/scripts/Main.ts.
15:42:49.258 debug: Resolve file:///C:/Users/PC/Desktop/Slot_Assignment/assets/scripts/MockApi.ts from cce:/internal/x/prerequisite-imports as file:///C:/Users/PC/Desktop/Slot_Assignment/assets/scripts/MockApi.ts.
15:42:49.258 debug: Detected change: cce:/internal/code-quality/cr.mjs. Last mtime: Mon Dec 15 2025 15:37:53 GMT+0200 (Eastern European Standard Time), Current mtime: Mon Dec 15 2025 15:42:40 GMT+0200 (Eastern European Standard Time)
15:42:49.258 debug: Inspect cce:/internal/code-quality/cr.mjs
15:42:49.265 debug: transform url: 'cce:/internal/code-quality/cr.mjs' costs: 6.70 ms
15:42:49.273 debug: Target(preview) ends with cost 28.54029999999875ms.
16:36:42.916 debug: Dispatch build request for time accumulated 2 asset changes.
16:36:42.918 debug: Build iteration starts.
Number of accumulated asset changes: 2
Feature changed: false
16:36:42.918 debug: Target(editor) build started.
16:36:42.921 debug: Detected change: cce:/internal/x/prerequisite-imports. Last mtime: Thu Jan 01 1970 02:00:08 GMT+0200 (Eastern European Standard Time), Current mtime: Thu Jan 01 1970 02:54:02 GMT+0200 (Eastern European Standard Time)
16:36:42.921 debug: Inspect cce:/internal/x/prerequisite-imports
16:36:42.934 debug: transform url: 'cce:/internal/x/prerequisite-imports' costs: 12.50 ms
16:36:42.935 debug: Resolve file:///C:/ProgramData/cocos/editors/Creator/3.8.7/resources/resources/3d/engine/editor/assets/default_renderpipeline/builtin-dof-pass.ts from cce:/internal/x/prerequisite-imports as file:///C:/ProgramData/cocos/editors/Creator/3.8.7/resources/resources/3d/engine/editor/assets/default_renderpipeline/builtin-dof-pass.ts.
16:36:42.936 debug: Resolve file:///C:/ProgramData/cocos/editors/Creator/3.8.7/resources/resources/3d/engine/editor/assets/default_renderpipeline/builtin-pipeline-pass.ts from cce:/internal/x/prerequisite-imports as file:///C:/ProgramData/cocos/editors/Creator/3.8.7/resources/resources/3d/engine/editor/assets/default_renderpipeline/builtin-pipeline-pass.ts.
16:36:42.937 debug: Resolve file:///C:/ProgramData/cocos/editors/Creator/3.8.7/resources/resources/3d/engine/editor/assets/default_renderpipeline/builtin-pipeline-settings.ts from cce:/internal/x/prerequisite-imports as file:///C:/ProgramData/cocos/editors/Creator/3.8.7/resources/resources/3d/engine/editor/assets/default_renderpipeline/builtin-pipeline-settings.ts.
16:36:42.937 debug: Resolve file:///C:/ProgramData/cocos/editors/Creator/3.8.7/resources/resources/3d/engine/editor/assets/default_renderpipeline/builtin-pipeline-types.ts from cce:/internal/x/prerequisite-imports as file:///C:/ProgramData/cocos/editors/Creator/3.8.7/resources/resources/3d/engine/editor/assets/default_renderpipeline/builtin-pipeline-types.ts.
16:36:42.937 debug: Resolve file:///C:/ProgramData/cocos/editors/Creator/3.8.7/resources/resources/3d/engine/editor/assets/default_renderpipeline/builtin-pipeline.ts from cce:/internal/x/prerequisite-imports as file:///C:/ProgramData/cocos/editors/Creator/3.8.7/resources/resources/3d/engine/editor/assets/default_renderpipeline/builtin-pipeline.ts.
16:36:42.938 debug: Resolve file:///C:/ProgramData/cocos/editors/Creator/3.8.7/resources/resources/3d/engine/editor/assets/tools/debug-view-runtime-control.ts from cce:/internal/x/prerequisite-imports as file:///C:/ProgramData/cocos/editors/Creator/3.8.7/resources/resources/3d/engine/editor/assets/tools/debug-view-runtime-control.ts.
16:36:42.938 debug: Resolve file:///C:/Users/PC/Desktop/Slot_Assignment/assets/scripts/Main.ts from cce:/internal/x/prerequisite-imports as file:///C:/Users/PC/Desktop/Slot_Assignment/assets/scripts/Main.ts.
16:36:42.939 debug: Detected change: file:///C:/Users/PC/Desktop/Slot_Assignment/assets/scripts/Main.ts. Last mtime: Mon Dec 15 2025 15:42:17 GMT+0200 (Eastern European Standard Time)@27950da1-7bae-4f4d-92f0-16907272fe63, Current mtime: Mon Dec 15 2025 16:01:12 GMT+0200 (Eastern European Standard Time)@27950da1-7bae-4f4d-92f0-16907272fe63
16:36:42.939 debug: Inspect file:///C:/Users/PC/Desktop/Slot_Assignment/assets/scripts/Main.ts
16:36:43.005 debug: transform url: 'file:///C:/Users/PC/Desktop/Slot_Assignment/assets/scripts/Main.ts' costs: 66.80 ms
16:36:43.007 debug: Resolve file:///C:/Users/PC/Desktop/Slot_Assignment/assets/scripts/MainFunctional.ts from cce:/internal/x/prerequisite-imports as file:///C:/Users/PC/Desktop/Slot_Assignment/assets/scripts/MainFunctional.ts.
16:36:43.007 debug: Inspect file:///C:/Users/PC/Desktop/Slot_Assignment/assets/scripts/MainFunctional.ts
16:36:43.053 debug: transform url: 'file:///C:/Users/PC/Desktop/Slot_Assignment/assets/scripts/MainFunctional.ts' costs: 45.50 ms
16:36:43.054 debug: Resolve file:///C:/Users/PC/Desktop/Slot_Assignment/assets/scripts/MockApi.ts from cce:/internal/x/prerequisite-imports as file:///C:/Users/PC/Desktop/Slot_Assignment/assets/scripts/MockApi.ts.
16:36:43.054 debug: Resolve cce:/internal/code-quality/cr.mjs from file:///C:/Users/PC/Desktop/Slot_Assignment/assets/scripts/Main.ts as cce:/internal/code-quality/cr.mjs.
16:36:43.055 debug: Resolve cc from file:///C:/Users/PC/Desktop/Slot_Assignment/assets/scripts/Main.ts as cce:/internal/x/cc.
16:36:43.055 debug: Resolve cc from file:///C:/Users/PC/Desktop/Slot_Assignment/assets/scripts/Main.ts as cce:/internal/x/cc.
16:36:43.055 debug: Resolve cc from file:///C:/Users/PC/Desktop/Slot_Assignment/assets/scripts/Main.ts as cce:/internal/x/cc.
16:36:43.055 debug: Resolve ./MockApi from file:///C:/Users/PC/Desktop/Slot_Assignment/assets/scripts/Main.ts as file:///C:/Users/PC/Desktop/Slot_Assignment/assets/scripts/MockApi.ts.
16:36:43.055 debug: Resolve cce:/internal/code-quality/cr.mjs from file:///C:/Users/PC/Desktop/Slot_Assignment/assets/scripts/MainFunctional.ts as cce:/internal/code-quality/cr.mjs.
16:36:43.055 debug: Resolve cc from file:///C:/Users/PC/Desktop/Slot_Assignment/assets/scripts/MainFunctional.ts as cce:/internal/x/cc.
16:36:43.055 debug: Resolve cc from file:///C:/Users/PC/Desktop/Slot_Assignment/assets/scripts/MainFunctional.ts as cce:/internal/x/cc.
16:36:43.055 debug: Resolve cc from file:///C:/Users/PC/Desktop/Slot_Assignment/assets/scripts/MainFunctional.ts as cce:/internal/x/cc.
16:36:43.056 debug: Resolve ./MockApi from file:///C:/Users/PC/Desktop/Slot_Assignment/assets/scripts/MainFunctional.ts as file:///C:/Users/PC/Desktop/Slot_Assignment/assets/scripts/MockApi.ts.
16:36:43.064 debug: Target(editor) ends with cost 145.35499999998137ms.
16:36:43.064 debug: Target(preview) build started.
16:36:43.065 debug: Detected change: cce:/internal/x/prerequisite-imports. Last mtime: Thu Jan 01 1970 02:00:08 GMT+0200 (Eastern European Standard Time), Current mtime: Thu Jan 01 1970 02:54:02 GMT+0200 (Eastern European Standard Time)
16:36:43.065 debug: Inspect cce:/internal/x/prerequisite-imports
16:36:43.075 debug: transform url: 'cce:/internal/x/prerequisite-imports' costs: 9.90 ms
16:36:43.077 debug: Resolve file:///C:/ProgramData/cocos/editors/Creator/3.8.7/resources/resources/3d/engine/editor/assets/default_renderpipeline/builtin-dof-pass.ts from cce:/internal/x/prerequisite-imports as file:///C:/ProgramData/cocos/editors/Creator/3.8.7/resources/resources/3d/engine/editor/assets/default_renderpipeline/builtin-dof-pass.ts.
16:36:43.077 debug: Resolve file:///C:/ProgramData/cocos/editors/Creator/3.8.7/resources/resources/3d/engine/editor/assets/default_renderpipeline/builtin-pipeline-pass.ts from cce:/internal/x/prerequisite-imports as file:///C:/ProgramData/cocos/editors/Creator/3.8.7/resources/resources/3d/engine/editor/assets/default_renderpipeline/builtin-pipeline-pass.ts.
16:36:43.078 debug: Resolve file:///C:/ProgramData/cocos/editors/Creator/3.8.7/resources/resources/3d/engine/editor/assets/default_renderpipeline/builtin-pipeline-settings.ts from cce:/internal/x/prerequisite-imports as file:///C:/ProgramData/cocos/editors/Creator/3.8.7/resources/resources/3d/engine/editor/assets/default_renderpipeline/builtin-pipeline-settings.ts.
16:36:43.078 debug: Resolve file:///C:/ProgramData/cocos/editors/Creator/3.8.7/resources/resources/3d/engine/editor/assets/default_renderpipeline/builtin-pipeline-types.ts from cce:/internal/x/prerequisite-imports as file:///C:/ProgramData/cocos/editors/Creator/3.8.7/resources/resources/3d/engine/editor/assets/default_renderpipeline/builtin-pipeline-types.ts.
16:36:43.079 debug: Resolve file:///C:/ProgramData/cocos/editors/Creator/3.8.7/resources/resources/3d/engine/editor/assets/default_renderpipeline/builtin-pipeline.ts from cce:/internal/x/prerequisite-imports as file:///C:/ProgramData/cocos/editors/Creator/3.8.7/resources/resources/3d/engine/editor/assets/default_renderpipeline/builtin-pipeline.ts.
16:36:43.079 debug: Resolve file:///C:/ProgramData/cocos/editors/Creator/3.8.7/resources/resources/3d/engine/editor/assets/tools/debug-view-runtime-control.ts from cce:/internal/x/prerequisite-imports as file:///C:/ProgramData/cocos/editors/Creator/3.8.7/resources/resources/3d/engine/editor/assets/tools/debug-view-runtime-control.ts.
16:36:43.080 debug: Resolve file:///C:/Users/PC/Desktop/Slot_Assignment/assets/scripts/Main.ts from cce:/internal/x/prerequisite-imports as file:///C:/Users/PC/Desktop/Slot_Assignment/assets/scripts/Main.ts.
16:36:43.080 debug: Detected change: file:///C:/Users/PC/Desktop/Slot_Assignment/assets/scripts/Main.ts. Last mtime: Mon Dec 15 2025 15:42:17 GMT+0200 (Eastern European Standard Time)@27950da1-7bae-4f4d-92f0-16907272fe63, Current mtime: Mon Dec 15 2025 16:01:12 GMT+0200 (Eastern European Standard Time)@27950da1-7bae-4f4d-92f0-16907272fe63
16:36:43.080 debug: Inspect file:///C:/Users/PC/Desktop/Slot_Assignment/assets/scripts/Main.ts
16:36:43.122 debug: transform url: 'file:///C:/Users/PC/Desktop/Slot_Assignment/assets/scripts/Main.ts' costs: 42.20 ms
16:36:43.124 debug: Resolve file:///C:/Users/PC/Desktop/Slot_Assignment/assets/scripts/MainFunctional.ts from cce:/internal/x/prerequisite-imports as file:///C:/Users/PC/Desktop/Slot_Assignment/assets/scripts/MainFunctional.ts.
16:36:43.124 debug: Inspect file:///C:/Users/PC/Desktop/Slot_Assignment/assets/scripts/MainFunctional.ts
16:36:43.165 debug: transform url: 'file:///C:/Users/PC/Desktop/Slot_Assignment/assets/scripts/MainFunctional.ts' costs: 41.30 ms
16:36:43.167 debug: Resolve file:///C:/Users/PC/Desktop/Slot_Assignment/assets/scripts/MockApi.ts from cce:/internal/x/prerequisite-imports as file:///C:/Users/PC/Desktop/Slot_Assignment/assets/scripts/MockApi.ts.
16:36:43.167 debug: Resolve cce:/internal/code-quality/cr.mjs from file:///C:/Users/PC/Desktop/Slot_Assignment/assets/scripts/Main.ts as cce:/internal/code-quality/cr.mjs.
16:36:43.167 debug: Resolve cc from file:///C:/Users/PC/Desktop/Slot_Assignment/assets/scripts/Main.ts as cce:/internal/x/cc.
16:36:43.167 debug: Resolve cc from file:///C:/Users/PC/Desktop/Slot_Assignment/assets/scripts/Main.ts as cce:/internal/x/cc.
16:36:43.167 debug: Resolve cc from file:///C:/Users/PC/Desktop/Slot_Assignment/assets/scripts/Main.ts as cce:/internal/x/cc.
16:36:43.168 debug: Resolve ./MockApi from file:///C:/Users/PC/Desktop/Slot_Assignment/assets/scripts/Main.ts as file:///C:/Users/PC/Desktop/Slot_Assignment/assets/scripts/MockApi.ts.
16:36:43.168 debug: Resolve cce:/internal/code-quality/cr.mjs from file:///C:/Users/PC/Desktop/Slot_Assignment/assets/scripts/MainFunctional.ts as cce:/internal/code-quality/cr.mjs.
16:36:43.168 debug: Resolve cc from file:///C:/Users/PC/Desktop/Slot_Assignment/assets/scripts/MainFunctional.ts as cce:/internal/x/cc.
16:36:43.168 debug: Resolve cc from file:///C:/Users/PC/Desktop/Slot_Assignment/assets/scripts/MainFunctional.ts as cce:/internal/x/cc.
16:36:43.168 debug: Resolve cc from file:///C:/Users/PC/Desktop/Slot_Assignment/assets/scripts/MainFunctional.ts as cce:/internal/x/cc.
16:36:43.168 debug: Resolve ./MockApi from file:///C:/Users/PC/Desktop/Slot_Assignment/assets/scripts/MainFunctional.ts as file:///C:/Users/PC/Desktop/Slot_Assignment/assets/scripts/MockApi.ts.
16:36:43.176 debug: Target(preview) ends with cost 111.96719999983907ms.
16:37:14.850 debug: Dispatch build request for time accumulated 1 asset changes.
16:37:14.851 debug: Build iteration starts.
Number of accumulated asset changes: 1
Feature changed: false
16:37:14.851 debug: Target(editor) build started.
16:37:14.863 debug: Detected change: cce:/internal/x/prerequisite-imports. Last mtime: Thu Jan 01 1970 02:54:02 GMT+0200 (Eastern European Standard Time), Current mtime: Thu Jan 01 1970 02:54:34 GMT+0200 (Eastern European Standard Time)
16:37:14.863 debug: Inspect cce:/internal/x/prerequisite-imports
16:37:14.872 debug: transform url: 'cce:/internal/x/prerequisite-imports' costs: 8.60 ms
16:37:14.873 debug: Resolve file:///C:/ProgramData/cocos/editors/Creator/3.8.7/resources/resources/3d/engine/editor/assets/default_renderpipeline/builtin-dof-pass.ts from cce:/internal/x/prerequisite-imports as file:///C:/ProgramData/cocos/editors/Creator/3.8.7/resources/resources/3d/engine/editor/assets/default_renderpipeline/builtin-dof-pass.ts.
16:37:14.874 debug: Resolve file:///C:/ProgramData/cocos/editors/Creator/3.8.7/resources/resources/3d/engine/editor/assets/default_renderpipeline/builtin-pipeline-pass.ts from cce:/internal/x/prerequisite-imports as file:///C:/ProgramData/cocos/editors/Creator/3.8.7/resources/resources/3d/engine/editor/assets/default_renderpipeline/builtin-pipeline-pass.ts.
16:37:14.874 debug: Resolve file:///C:/ProgramData/cocos/editors/Creator/3.8.7/resources/resources/3d/engine/editor/assets/default_renderpipeline/builtin-pipeline-settings.ts from cce:/internal/x/prerequisite-imports as file:///C:/ProgramData/cocos/editors/Creator/3.8.7/resources/resources/3d/engine/editor/assets/default_renderpipeline/builtin-pipeline-settings.ts.
16:37:14.875 debug: Resolve file:///C:/ProgramData/cocos/editors/Creator/3.8.7/resources/resources/3d/engine/editor/assets/default_renderpipeline/builtin-pipeline-types.ts from cce:/internal/x/prerequisite-imports as file:///C:/ProgramData/cocos/editors/Creator/3.8.7/resources/resources/3d/engine/editor/assets/default_renderpipeline/builtin-pipeline-types.ts.
16:37:14.876 debug: Resolve file:///C:/ProgramData/cocos/editors/Creator/3.8.7/resources/resources/3d/engine/editor/assets/default_renderpipeline/builtin-pipeline.ts from cce:/internal/x/prerequisite-imports as file:///C:/ProgramData/cocos/editors/Creator/3.8.7/resources/resources/3d/engine/editor/assets/default_renderpipeline/builtin-pipeline.ts.
16:37:14.876 debug: Resolve file:///C:/ProgramData/cocos/editors/Creator/3.8.7/resources/resources/3d/engine/editor/assets/tools/debug-view-runtime-control.ts from cce:/internal/x/prerequisite-imports as file:///C:/ProgramData/cocos/editors/Creator/3.8.7/resources/resources/3d/engine/editor/assets/tools/debug-view-runtime-control.ts.
16:37:14.877 debug: Resolve file:///C:/Users/PC/Desktop/Slot_Assignment/assets/scripts/Main.ts from cce:/internal/x/prerequisite-imports as file:///C:/Users/PC/Desktop/Slot_Assignment/assets/scripts/Main.ts.
16:37:14.877 debug: Detected change: file:///C:/Users/PC/Desktop/Slot_Assignment/assets/scripts/Main.ts. Last mtime: Mon Dec 15 2025 16:01:12 GMT+0200 (Eastern European Standard Time)@27950da1-7bae-4f4d-92f0-16907272fe63, Current mtime: Mon Dec 15 2025 16:37:09 GMT+0200 (Eastern European Standard Time)@27950da1-7bae-4f4d-92f0-16907272fe63
16:37:14.877 debug: Inspect file:///C:/Users/PC/Desktop/Slot_Assignment/assets/scripts/Main.ts
16:37:14.931 debug: transform url: 'file:///C:/Users/PC/Desktop/Slot_Assignment/assets/scripts/Main.ts' costs: 53.70 ms
16:37:14.932 debug: Resolve file:///C:/Users/PC/Desktop/Slot_Assignment/assets/scripts/MainFunctional.ts from cce:/internal/x/prerequisite-imports as file:///C:/Users/PC/Desktop/Slot_Assignment/assets/scripts/MainFunctional.ts.
16:37:14.932 debug: Resolve file:///C:/Users/PC/Desktop/Slot_Assignment/assets/scripts/MockApi.ts from cce:/internal/x/prerequisite-imports as file:///C:/Users/PC/Desktop/Slot_Assignment/assets/scripts/MockApi.ts.
16:37:14.932 debug: Resolve cce:/internal/code-quality/cr.mjs from file:///C:/Users/PC/Desktop/Slot_Assignment/assets/scripts/Main.ts as cce:/internal/code-quality/cr.mjs.
16:37:14.933 debug: Resolve cc from file:///C:/Users/PC/Desktop/Slot_Assignment/assets/scripts/Main.ts as cce:/internal/x/cc.
16:37:14.933 debug: Resolve cc from file:///C:/Users/PC/Desktop/Slot_Assignment/assets/scripts/Main.ts as cce:/internal/x/cc.
16:37:14.933 debug: Resolve cc from file:///C:/Users/PC/Desktop/Slot_Assignment/assets/scripts/Main.ts as cce:/internal/x/cc.
16:37:14.933 debug: Resolve ./MockApi from file:///C:/Users/PC/Desktop/Slot_Assignment/assets/scripts/Main.ts as file:///C:/Users/PC/Desktop/Slot_Assignment/assets/scripts/MockApi.ts.
16:37:14.947 debug: Target(editor) ends with cost 90.16800000006333ms.
16:37:14.947 debug: Target(preview) build started.
16:37:14.948 debug: Detected change: cce:/internal/x/prerequisite-imports. Last mtime: Thu Jan 01 1970 02:54:02 GMT+0200 (Eastern European Standard Time), Current mtime: Thu Jan 01 1970 02:54:34 GMT+0200 (Eastern European Standard Time)
16:37:14.948 debug: Inspect cce:/internal/x/prerequisite-imports
16:37:14.956 debug: transform url: 'cce:/internal/x/prerequisite-imports' costs: 7.70 ms
16:37:14.957 debug: Resolve file:///C:/ProgramData/cocos/editors/Creator/3.8.7/resources/resources/3d/engine/editor/assets/default_renderpipeline/builtin-dof-pass.ts from cce:/internal/x/prerequisite-imports as file:///C:/ProgramData/cocos/editors/Creator/3.8.7/resources/resources/3d/engine/editor/assets/default_renderpipeline/builtin-dof-pass.ts.
16:37:14.958 debug: Resolve file:///C:/ProgramData/cocos/editors/Creator/3.8.7/resources/resources/3d/engine/editor/assets/default_renderpipeline/builtin-pipeline-pass.ts from cce:/internal/x/prerequisite-imports as file:///C:/ProgramData/cocos/editors/Creator/3.8.7/resources/resources/3d/engine/editor/assets/default_renderpipeline/builtin-pipeline-pass.ts.
16:37:14.958 debug: Resolve file:///C:/ProgramData/cocos/editors/Creator/3.8.7/resources/resources/3d/engine/editor/assets/default_renderpipeline/builtin-pipeline-settings.ts from cce:/internal/x/prerequisite-imports as file:///C:/ProgramData/cocos/editors/Creator/3.8.7/resources/resources/3d/engine/editor/assets/default_renderpipeline/builtin-pipeline-settings.ts.
16:37:14.959 debug: Resolve file:///C:/ProgramData/cocos/editors/Creator/3.8.7/resources/resources/3d/engine/editor/assets/default_renderpipeline/builtin-pipeline-types.ts from cce:/internal/x/prerequisite-imports as file:///C:/ProgramData/cocos/editors/Creator/3.8.7/resources/resources/3d/engine/editor/assets/default_renderpipeline/builtin-pipeline-types.ts.
16:37:14.959 debug: Resolve file:///C:/ProgramData/cocos/editors/Creator/3.8.7/resources/resources/3d/engine/editor/assets/default_renderpipeline/builtin-pipeline.ts from cce:/internal/x/prerequisite-imports as file:///C:/ProgramData/cocos/editors/Creator/3.8.7/resources/resources/3d/engine/editor/assets/default_renderpipeline/builtin-pipeline.ts.
16:37:14.960 debug: Resolve file:///C:/ProgramData/cocos/editors/Creator/3.8.7/resources/resources/3d/engine/editor/assets/tools/debug-view-runtime-control.ts from cce:/internal/x/prerequisite-imports as file:///C:/ProgramData/cocos/editors/Creator/3.8.7/resources/resources/3d/engine/editor/assets/tools/debug-view-runtime-control.ts.
16:37:14.961 debug: Resolve file:///C:/Users/PC/Desktop/Slot_Assignment/assets/scripts/Main.ts from cce:/internal/x/prerequisite-imports as file:///C:/Users/PC/Desktop/Slot_Assignment/assets/scripts/Main.ts.
16:37:14.961 debug: Detected change: file:///C:/Users/PC/Desktop/Slot_Assignment/assets/scripts/Main.ts. Last mtime: Mon Dec 15 2025 16:01:12 GMT+0200 (Eastern European Standard Time)@27950da1-7bae-4f4d-92f0-16907272fe63, Current mtime: Mon Dec 15 2025 16:37:09 GMT+0200 (Eastern European Standard Time)@27950da1-7bae-4f4d-92f0-16907272fe63
16:37:14.961 debug: Inspect file:///C:/Users/PC/Desktop/Slot_Assignment/assets/scripts/Main.ts
16:37:14.997 debug: transform url: 'file:///C:/Users/PC/Desktop/Slot_Assignment/assets/scripts/Main.ts' costs: 35.40 ms
16:37:14.998 debug: Resolve file:///C:/Users/PC/Desktop/Slot_Assignment/assets/scripts/MainFunctional.ts from cce:/internal/x/prerequisite-imports as file:///C:/Users/PC/Desktop/Slot_Assignment/assets/scripts/MainFunctional.ts.
16:37:14.999 debug: Resolve file:///C:/Users/PC/Desktop/Slot_Assignment/assets/scripts/MockApi.ts from cce:/internal/x/prerequisite-imports as file:///C:/Users/PC/Desktop/Slot_Assignment/assets/scripts/MockApi.ts.
16:37:14.999 debug: Resolve cce:/internal/code-quality/cr.mjs from file:///C:/Users/PC/Desktop/Slot_Assignment/assets/scripts/Main.ts as cce:/internal/code-quality/cr.mjs.
16:37:14.999 debug: Resolve cc from file:///C:/Users/PC/Desktop/Slot_Assignment/assets/scripts/Main.ts as cce:/internal/x/cc.
16:37:14.999 debug: Resolve cc from file:///C:/Users/PC/Desktop/Slot_Assignment/assets/scripts/Main.ts as cce:/internal/x/cc.
16:37:14.999 debug: Resolve cc from file:///C:/Users/PC/Desktop/Slot_Assignment/assets/scripts/Main.ts as cce:/internal/x/cc.
16:37:14.999 debug: Resolve ./MockApi from file:///C:/Users/PC/Desktop/Slot_Assignment/assets/scripts/Main.ts as file:///C:/Users/PC/Desktop/Slot_Assignment/assets/scripts/MockApi.ts.
16:37:15.005 debug: Target(preview) ends with cost 58.334700000006706ms.
16:44:11.192 debug: Dispatch build request for time accumulated 3 asset changes.
16:44:11.193 debug: Build iteration starts.
Number of accumulated asset changes: 3
Feature changed: false
16:44:11.194 debug: Target(editor) build started.
16:44:11.202 debug: Detected change: cce:/internal/x/prerequisite-imports. Last mtime: Thu Jan 01 1970 02:54:34 GMT+0200 (Eastern European Standard Time), Current mtime: Thu Jan 01 1970 03:01:30 GMT+0200 (Eastern European Standard Time)
16:44:11.202 debug: Inspect cce:/internal/x/prerequisite-imports
16:44:11.208 debug: transform url: 'cce:/internal/x/prerequisite-imports' costs: 5.80 ms
16:44:11.210 debug: Resolve file:///C:/ProgramData/cocos/editors/Creator/3.8.7/resources/resources/3d/engine/editor/assets/default_renderpipeline/builtin-dof-pass.ts from cce:/internal/x/prerequisite-imports as file:///C:/ProgramData/cocos/editors/Creator/3.8.7/resources/resources/3d/engine/editor/assets/default_renderpipeline/builtin-dof-pass.ts.
16:44:11.211 debug: Resolve file:///C:/ProgramData/cocos/editors/Creator/3.8.7/resources/resources/3d/engine/editor/assets/default_renderpipeline/builtin-pipeline-pass.ts from cce:/internal/x/prerequisite-imports as file:///C:/ProgramData/cocos/editors/Creator/3.8.7/resources/resources/3d/engine/editor/assets/default_renderpipeline/builtin-pipeline-pass.ts.
16:44:11.212 debug: Resolve file:///C:/ProgramData/cocos/editors/Creator/3.8.7/resources/resources/3d/engine/editor/assets/default_renderpipeline/builtin-pipeline-settings.ts from cce:/internal/x/prerequisite-imports as file:///C:/ProgramData/cocos/editors/Creator/3.8.7/resources/resources/3d/engine/editor/assets/default_renderpipeline/builtin-pipeline-settings.ts.
16:44:11.212 debug: Resolve file:///C:/ProgramData/cocos/editors/Creator/3.8.7/resources/resources/3d/engine/editor/assets/default_renderpipeline/builtin-pipeline-types.ts from cce:/internal/x/prerequisite-imports as file:///C:/ProgramData/cocos/editors/Creator/3.8.7/resources/resources/3d/engine/editor/assets/default_renderpipeline/builtin-pipeline-types.ts.
16:44:11.214 debug: Resolve file:///C:/ProgramData/cocos/editors/Creator/3.8.7/resources/resources/3d/engine/editor/assets/default_renderpipeline/builtin-pipeline.ts from cce:/internal/x/prerequisite-imports as file:///C:/ProgramData/cocos/editors/Creator/3.8.7/resources/resources/3d/engine/editor/assets/default_renderpipeline/builtin-pipeline.ts.
16:44:11.214 debug: Resolve file:///C:/ProgramData/cocos/editors/Creator/3.8.7/resources/resources/3d/engine/editor/assets/tools/debug-view-runtime-control.ts from cce:/internal/x/prerequisite-imports as file:///C:/ProgramData/cocos/editors/Creator/3.8.7/resources/resources/3d/engine/editor/assets/tools/debug-view-runtime-control.ts.
16:44:11.215 debug: Resolve file:///C:/Users/PC/Desktop/Slot_Assignment/assets/scripts/Main.ts from cce:/internal/x/prerequisite-imports as file:///C:/Users/PC/Desktop/Slot_Assignment/assets/scripts/Main.ts.
16:44:11.215 debug: Detected change: file:///C:/Users/PC/Desktop/Slot_Assignment/assets/scripts/Main.ts. Last mtime: Mon Dec 15 2025 16:37:09 GMT+0200 (Eastern European Standard Time)@27950da1-7bae-4f4d-92f0-16907272fe63, Current mtime: Mon Dec 15 2025 16:41:25 GMT+0200 (Eastern European Standard Time)@27950da1-7bae-4f4d-92f0-16907272fe63
16:44:11.215 debug: Inspect file:///C:/Users/PC/Desktop/Slot_Assignment/assets/scripts/Main.ts
16:44:11.250 debug: transform url: 'file:///C:/Users/PC/Desktop/Slot_Assignment/assets/scripts/Main.ts' costs: 34.50 ms
16:44:11.251 debug: Resolve file:///C:/Users/PC/Desktop/Slot_Assignment/assets/scripts/MainFunctional%20copy.ts from cce:/internal/x/prerequisite-imports as file:///C:/Users/PC/Desktop/Slot_Assignment/assets/scripts/MainFunctional%20copy.ts.
16:44:11.251 debug: Inspect file:///C:/Users/PC/Desktop/Slot_Assignment/assets/scripts/MainFunctional%20copy.ts
16:44:11.283 debug: transform url: 'file:///C:/Users/PC/Desktop/Slot_Assignment/assets/scripts/MainFunctional%20copy.ts' costs: 31.60 ms
16:44:11.284 debug: Resolve file:///C:/Users/PC/Desktop/Slot_Assignment/assets/scripts/MainFunctional.ts from cce:/internal/x/prerequisite-imports as file:///C:/Users/PC/Desktop/Slot_Assignment/assets/scripts/MainFunctional.ts.
16:44:11.284 debug: Detected change: file:///C:/Users/PC/Desktop/Slot_Assignment/assets/scripts/MainFunctional.ts. Last mtime: Mon Dec 15 2025 16:36:17 GMT+0200 (Eastern European Standard Time)@f242f1a5-26c4-46a3-b80e-5b852b9bb745, Current mtime: Mon Dec 15 2025 16:41:38 GMT+0200 (Eastern European Standard Time)@f242f1a5-26c4-46a3-b80e-5b852b9bb745
16:44:11.284 debug: Inspect file:///C:/Users/PC/Desktop/Slot_Assignment/assets/scripts/MainFunctional.ts
16:44:11.315 debug: transform url: 'file:///C:/Users/PC/Desktop/Slot_Assignment/assets/scripts/MainFunctional.ts' costs: 31.00 ms
16:44:11.316 debug: Resolve file:///C:/Users/PC/Desktop/Slot_Assignment/assets/scripts/MockApi.ts from cce:/internal/x/prerequisite-imports as file:///C:/Users/PC/Desktop/Slot_Assignment/assets/scripts/MockApi.ts.
16:44:11.316 debug: Resolve cce:/internal/code-quality/cr.mjs from file:///C:/Users/PC/Desktop/Slot_Assignment/assets/scripts/Main.ts as cce:/internal/code-quality/cr.mjs.
16:44:11.316 debug: Resolve cc from file:///C:/Users/PC/Desktop/Slot_Assignment/assets/scripts/Main.ts as cce:/internal/x/cc.
16:44:11.316 debug: Resolve cc from file:///C:/Users/PC/Desktop/Slot_Assignment/assets/scripts/Main.ts as cce:/internal/x/cc.
16:44:11.316 debug: Resolve cc from file:///C:/Users/PC/Desktop/Slot_Assignment/assets/scripts/Main.ts as cce:/internal/x/cc.
16:44:11.317 debug: Resolve ./MockApi from file:///C:/Users/PC/Desktop/Slot_Assignment/assets/scripts/Main.ts as file:///C:/Users/PC/Desktop/Slot_Assignment/assets/scripts/MockApi.ts.
16:44:11.317 debug: Resolve cce:/internal/code-quality/cr.mjs from file:///C:/Users/PC/Desktop/Slot_Assignment/assets/scripts/MainFunctional%20copy.ts as cce:/internal/code-quality/cr.mjs.
16:44:11.317 debug: Resolve cc from file:///C:/Users/PC/Desktop/Slot_Assignment/assets/scripts/MainFunctional%20copy.ts as cce:/internal/x/cc.
16:44:11.317 debug: Resolve cc from file:///C:/Users/PC/Desktop/Slot_Assignment/assets/scripts/MainFunctional%20copy.ts as cce:/internal/x/cc.
16:44:11.317 debug: Resolve cc from file:///C:/Users/PC/Desktop/Slot_Assignment/assets/scripts/MainFunctional%20copy.ts as cce:/internal/x/cc.
16:44:11.318 debug: Resolve ./MockApi from file:///C:/Users/PC/Desktop/Slot_Assignment/assets/scripts/MainFunctional%20copy.ts as file:///C:/Users/PC/Desktop/Slot_Assignment/assets/scripts/MockApi.ts.
16:44:11.318 debug: Resolve cce:/internal/code-quality/cr.mjs from file:///C:/Users/PC/Desktop/Slot_Assignment/assets/scripts/MainFunctional.ts as cce:/internal/code-quality/cr.mjs.
16:44:11.318 debug: Resolve cc from file:///C:/Users/PC/Desktop/Slot_Assignment/assets/scripts/MainFunctional.ts as cce:/internal/x/cc.
16:44:11.318 debug: Resolve cc from file:///C:/Users/PC/Desktop/Slot_Assignment/assets/scripts/MainFunctional.ts as cce:/internal/x/cc.
16:44:11.318 debug: Resolve cc from file:///C:/Users/PC/Desktop/Slot_Assignment/assets/scripts/MainFunctional.ts as cce:/internal/x/cc.
16:44:11.318 debug: Resolve ./MockApi from file:///C:/Users/PC/Desktop/Slot_Assignment/assets/scripts/MainFunctional.ts as file:///C:/Users/PC/Desktop/Slot_Assignment/assets/scripts/MockApi.ts.
16:44:11.326 debug: Target(editor) ends with cost 132.24880000017583ms.
16:44:11.326 debug: Target(preview) build started.
16:44:11.328 debug: Detected change: cce:/internal/x/prerequisite-imports. Last mtime: Thu Jan 01 1970 02:54:34 GMT+0200 (Eastern European Standard Time), Current mtime: Thu Jan 01 1970 03:01:31 GMT+0200 (Eastern European Standard Time)
16:44:11.328 debug: Inspect cce:/internal/x/prerequisite-imports
16:44:11.336 debug: transform url: 'cce:/internal/x/prerequisite-imports' costs: 7.90 ms
16:44:11.338 debug: Resolve file:///C:/ProgramData/cocos/editors/Creator/3.8.7/resources/resources/3d/engine/editor/assets/default_renderpipeline/builtin-dof-pass.ts from cce:/internal/x/prerequisite-imports as file:///C:/ProgramData/cocos/editors/Creator/3.8.7/resources/resources/3d/engine/editor/assets/default_renderpipeline/builtin-dof-pass.ts.
16:44:11.339 debug: Resolve file:///C:/ProgramData/cocos/editors/Creator/3.8.7/resources/resources/3d/engine/editor/assets/default_renderpipeline/builtin-pipeline-pass.ts from cce:/internal/x/prerequisite-imports as file:///C:/ProgramData/cocos/editors/Creator/3.8.7/resources/resources/3d/engine/editor/assets/default_renderpipeline/builtin-pipeline-pass.ts.
16:44:11.339 debug: Resolve file:///C:/ProgramData/cocos/editors/Creator/3.8.7/resources/resources/3d/engine/editor/assets/default_renderpipeline/builtin-pipeline-settings.ts from cce:/internal/x/prerequisite-imports as file:///C:/ProgramData/cocos/editors/Creator/3.8.7/resources/resources/3d/engine/editor/assets/default_renderpipeline/builtin-pipeline-settings.ts.
16:44:11.340 debug: Resolve file:///C:/ProgramData/cocos/editors/Creator/3.8.7/resources/resources/3d/engine/editor/assets/default_renderpipeline/builtin-pipeline-types.ts from cce:/internal/x/prerequisite-imports as file:///C:/ProgramData/cocos/editors/Creator/3.8.7/resources/resources/3d/engine/editor/assets/default_renderpipeline/builtin-pipeline-types.ts.
16:44:11.340 debug: Resolve file:///C:/ProgramData/cocos/editors/Creator/3.8.7/resources/resources/3d/engine/editor/assets/default_renderpipeline/builtin-pipeline.ts from cce:/internal/x/prerequisite-imports as file:///C:/ProgramData/cocos/editors/Creator/3.8.7/resources/resources/3d/engine/editor/assets/default_renderpipeline/builtin-pipeline.ts.
16:44:11.341 debug: Resolve file:///C:/ProgramData/cocos/editors/Creator/3.8.7/resources/resources/3d/engine/editor/assets/tools/debug-view-runtime-control.ts from cce:/internal/x/prerequisite-imports as file:///C:/ProgramData/cocos/editors/Creator/3.8.7/resources/resources/3d/engine/editor/assets/tools/debug-view-runtime-control.ts.
16:44:11.341 debug: Resolve file:///C:/Users/PC/Desktop/Slot_Assignment/assets/scripts/Main.ts from cce:/internal/x/prerequisite-imports as file:///C:/Users/PC/Desktop/Slot_Assignment/assets/scripts/Main.ts.
16:44:11.341 debug: Detected change: file:///C:/Users/PC/Desktop/Slot_Assignment/assets/scripts/Main.ts. Last mtime: Mon Dec 15 2025 16:37:09 GMT+0200 (Eastern European Standard Time)@27950da1-7bae-4f4d-92f0-16907272fe63, Current mtime: Mon Dec 15 2025 16:41:25 GMT+0200 (Eastern European Standard Time)@27950da1-7bae-4f4d-92f0-16907272fe63
16:44:11.341 debug: Inspect file:///C:/Users/PC/Desktop/Slot_Assignment/assets/scripts/Main.ts
16:44:11.379 debug: transform url: 'file:///C:/Users/PC/Desktop/Slot_Assignment/assets/scripts/Main.ts' costs: 37.70 ms
16:44:11.380 debug: Resolve file:///C:/Users/PC/Desktop/Slot_Assignment/assets/scripts/MainFunctional%20copy.ts from cce:/internal/x/prerequisite-imports as file:///C:/Users/PC/Desktop/Slot_Assignment/assets/scripts/MainFunctional%20copy.ts.
16:44:11.381 debug: Inspect file:///C:/Users/PC/Desktop/Slot_Assignment/assets/scripts/MainFunctional%20copy.ts
16:44:11.459 debug: transform url: 'file:///C:/Users/PC/Desktop/Slot_Assignment/assets/scripts/MainFunctional%20copy.ts' costs: 78.60 ms
16:44:11.461 debug: Resolve file:///C:/Users/PC/Desktop/Slot_Assignment/assets/scripts/MainFunctional.ts from cce:/internal/x/prerequisite-imports as file:///C:/Users/PC/Desktop/Slot_Assignment/assets/scripts/MainFunctional.ts.
16:44:11.461 debug: Detected change: file:///C:/Users/PC/Desktop/Slot_Assignment/assets/scripts/MainFunctional.ts. Last mtime: Mon Dec 15 2025 16:36:17 GMT+0200 (Eastern European Standard Time)@f242f1a5-26c4-46a3-b80e-5b852b9bb745, Current mtime: Mon Dec 15 2025 16:41:38 GMT+0200 (Eastern European Standard Time)@f242f1a5-26c4-46a3-b80e-5b852b9bb745
16:44:11.461 debug: Inspect file:///C:/Users/PC/Desktop/Slot_Assignment/assets/scripts/MainFunctional.ts
16:44:11.498 debug: transform url: 'file:///C:/Users/PC/Desktop/Slot_Assignment/assets/scripts/MainFunctional.ts' costs: 36.40 ms
16:44:11.499 debug: Resolve file:///C:/Users/PC/Desktop/Slot_Assignment/assets/scripts/MockApi.ts from cce:/internal/x/prerequisite-imports as file:///C:/Users/PC/Desktop/Slot_Assignment/assets/scripts/MockApi.ts.
16:44:11.499 debug: Resolve cce:/internal/code-quality/cr.mjs from file:///C:/Users/PC/Desktop/Slot_Assignment/assets/scripts/Main.ts as cce:/internal/code-quality/cr.mjs.
16:44:11.499 debug: Resolve cc from file:///C:/Users/PC/Desktop/Slot_Assignment/assets/scripts/Main.ts as cce:/internal/x/cc.
16:44:11.499 debug: Resolve cc from file:///C:/Users/PC/Desktop/Slot_Assignment/assets/scripts/Main.ts as cce:/internal/x/cc.
16:44:11.499 debug: Resolve cc from file:///C:/Users/PC/Desktop/Slot_Assignment/assets/scripts/Main.ts as cce:/internal/x/cc.
16:44:11.500 debug: Resolve ./MockApi from file:///C:/Users/PC/Desktop/Slot_Assignment/assets/scripts/Main.ts as file:///C:/Users/PC/Desktop/Slot_Assignment/assets/scripts/MockApi.ts.
16:44:11.500 debug: Resolve cce:/internal/code-quality/cr.mjs from file:///C:/Users/PC/Desktop/Slot_Assignment/assets/scripts/MainFunctional%20copy.ts as cce:/internal/code-quality/cr.mjs.
16:44:11.500 debug: Resolve cc from file:///C:/Users/PC/Desktop/Slot_Assignment/assets/scripts/MainFunctional%20copy.ts as cce:/internal/x/cc.
16:44:11.500 debug: Resolve cc from file:///C:/Users/PC/Desktop/Slot_Assignment/assets/scripts/MainFunctional%20copy.ts as cce:/internal/x/cc.
16:44:11.500 debug: Resolve cc from file:///C:/Users/PC/Desktop/Slot_Assignment/assets/scripts/MainFunctional%20copy.ts as cce:/internal/x/cc.
16:44:11.500 debug: Resolve ./MockApi from file:///C:/Users/PC/Desktop/Slot_Assignment/assets/scripts/MainFunctional%20copy.ts as file:///C:/Users/PC/Desktop/Slot_Assignment/assets/scripts/MockApi.ts.
16:44:11.500 debug: Resolve cce:/internal/code-quality/cr.mjs from file:///C:/Users/PC/Desktop/Slot_Assignment/assets/scripts/MainFunctional.ts as cce:/internal/code-quality/cr.mjs.
16:44:11.500 debug: Resolve cc from file:///C:/Users/PC/Desktop/Slot_Assignment/assets/scripts/MainFunctional.ts as cce:/internal/x/cc.
16:44:11.500 debug: Resolve cc from file:///C:/Users/PC/Desktop/Slot_Assignment/assets/scripts/MainFunctional.ts as cce:/internal/x/cc.
16:44:11.500 debug: Resolve cc from file:///C:/Users/PC/Desktop/Slot_Assignment/assets/scripts/MainFunctional.ts as cce:/internal/x/cc.
16:44:11.500 debug: Resolve ./MockApi from file:///C:/Users/PC/Desktop/Slot_Assignment/assets/scripts/MainFunctional.ts as file:///C:/Users/PC/Desktop/Slot_Assignment/assets/scripts/MockApi.ts.
16:44:11.509 debug: Target(preview) ends with cost 183.04779999982566ms.
17:00:53.789 debug: Dispatch build request for time accumulated 3 asset changes.
17:00:53.790 debug: Build iteration starts.
Number of accumulated asset changes: 3
Feature changed: false
17:00:53.791 debug: Target(editor) build started.
17:00:53.793 debug: Detected change: cce:/internal/x/prerequisite-imports. Last mtime: Thu Jan 01 1970 03:01:30 GMT+0200 (Eastern European Standard Time), Current mtime: Thu Jan 01 1970 03:18:13 GMT+0200 (Eastern European Standard Time)
17:00:53.793 debug: Inspect cce:/internal/x/prerequisite-imports
17:00:53.800 debug: transform url: 'cce:/internal/x/prerequisite-imports' costs: 7.30 ms
17:00:53.801 debug: Resolve file:///C:/ProgramData/cocos/editors/Creator/3.8.7/resources/resources/3d/engine/editor/assets/default_renderpipeline/builtin-dof-pass.ts from cce:/internal/x/prerequisite-imports as file:///C:/ProgramData/cocos/editors/Creator/3.8.7/resources/resources/3d/engine/editor/assets/default_renderpipeline/builtin-dof-pass.ts.
17:00:53.802 debug: Resolve file:///C:/ProgramData/cocos/editors/Creator/3.8.7/resources/resources/3d/engine/editor/assets/default_renderpipeline/builtin-pipeline-pass.ts from cce:/internal/x/prerequisite-imports as file:///C:/ProgramData/cocos/editors/Creator/3.8.7/resources/resources/3d/engine/editor/assets/default_renderpipeline/builtin-pipeline-pass.ts.
17:00:53.802 debug: Resolve file:///C:/ProgramData/cocos/editors/Creator/3.8.7/resources/resources/3d/engine/editor/assets/default_renderpipeline/builtin-pipeline-settings.ts from cce:/internal/x/prerequisite-imports as file:///C:/ProgramData/cocos/editors/Creator/3.8.7/resources/resources/3d/engine/editor/assets/default_renderpipeline/builtin-pipeline-settings.ts.
17:00:53.802 debug: Resolve file:///C:/ProgramData/cocos/editors/Creator/3.8.7/resources/resources/3d/engine/editor/assets/default_renderpipeline/builtin-pipeline-types.ts from cce:/internal/x/prerequisite-imports as file:///C:/ProgramData/cocos/editors/Creator/3.8.7/resources/resources/3d/engine/editor/assets/default_renderpipeline/builtin-pipeline-types.ts.
17:00:53.803 debug: Resolve file:///C:/ProgramData/cocos/editors/Creator/3.8.7/resources/resources/3d/engine/editor/assets/default_renderpipeline/builtin-pipeline.ts from cce:/internal/x/prerequisite-imports as file:///C:/ProgramData/cocos/editors/Creator/3.8.7/resources/resources/3d/engine/editor/assets/default_renderpipeline/builtin-pipeline.ts.
17:00:53.803 debug: Resolve file:///C:/ProgramData/cocos/editors/Creator/3.8.7/resources/resources/3d/engine/editor/assets/tools/debug-view-runtime-control.ts from cce:/internal/x/prerequisite-imports as file:///C:/ProgramData/cocos/editors/Creator/3.8.7/resources/resources/3d/engine/editor/assets/tools/debug-view-runtime-control.ts.
17:00:53.804 debug: Resolve file:///C:/Users/PC/Desktop/Slot_Assignment/assets/scripts/Main.ts from cce:/internal/x/prerequisite-imports as file:///C:/Users/PC/Desktop/Slot_Assignment/assets/scripts/Main.ts.
17:00:53.804 debug: Detected change: file:///C:/Users/PC/Desktop/Slot_Assignment/assets/scripts/Main.ts. Last mtime: Mon Dec 15 2025 16:41:25 GMT+0200 (Eastern European Standard Time)@27950da1-7bae-4f4d-92f0-16907272fe63, Current mtime: Mon Dec 15 2025 16:59:15 GMT+0200 (Eastern European Standard Time)@27950da1-7bae-4f4d-92f0-16907272fe63
17:00:53.804 debug: Inspect file:///C:/Users/PC/Desktop/Slot_Assignment/assets/scripts/Main.ts
17:00:53.835 debug: transform url: 'file:///C:/Users/PC/Desktop/Slot_Assignment/assets/scripts/Main.ts' costs: 31.50 ms
17:00:53.837 debug: Resolve file:///C:/Users/PC/Desktop/Slot_Assignment/assets/scripts/MockApi.ts from cce:/internal/x/prerequisite-imports as file:///C:/Users/PC/Desktop/Slot_Assignment/assets/scripts/MockApi.ts.
17:00:53.837 debug: Resolve cce:/internal/code-quality/cr.mjs from file:///C:/Users/PC/Desktop/Slot_Assignment/assets/scripts/Main.ts as cce:/internal/code-quality/cr.mjs.
17:00:53.837 debug: Resolve cc from file:///C:/Users/PC/Desktop/Slot_Assignment/assets/scripts/Main.ts as cce:/internal/x/cc.
17:00:53.837 debug: Resolve cc from file:///C:/Users/PC/Desktop/Slot_Assignment/assets/scripts/Main.ts as cce:/internal/x/cc.
17:00:53.837 debug: Resolve cc from file:///C:/Users/PC/Desktop/Slot_Assignment/assets/scripts/Main.ts as cce:/internal/x/cc.
17:00:53.837 debug: Resolve ./MockApi from file:///C:/Users/PC/Desktop/Slot_Assignment/assets/scripts/Main.ts as file:///C:/Users/PC/Desktop/Slot_Assignment/assets/scripts/MockApi.ts.
17:00:53.844 debug: Target(editor) ends with cost 52.82859999965876ms.
17:00:53.844 debug: Target(preview) build started.
17:00:53.845 debug: Detected change: cce:/internal/x/prerequisite-imports. Last mtime: Thu Jan 01 1970 03:01:31 GMT+0200 (Eastern European Standard Time), Current mtime: Thu Jan 01 1970 03:18:13 GMT+0200 (Eastern European Standard Time)
17:00:53.845 debug: Inspect cce:/internal/x/prerequisite-imports
17:00:53.852 debug: transform url: 'cce:/internal/x/prerequisite-imports' costs: 6.60 ms
17:00:53.853 debug: Resolve file:///C:/ProgramData/cocos/editors/Creator/3.8.7/resources/resources/3d/engine/editor/assets/default_renderpipeline/builtin-dof-pass.ts from cce:/internal/x/prerequisite-imports as file:///C:/ProgramData/cocos/editors/Creator/3.8.7/resources/resources/3d/engine/editor/assets/default_renderpipeline/builtin-dof-pass.ts.
17:00:53.854 debug: Resolve file:///C:/ProgramData/cocos/editors/Creator/3.8.7/resources/resources/3d/engine/editor/assets/default_renderpipeline/builtin-pipeline-pass.ts from cce:/internal/x/prerequisite-imports as file:///C:/ProgramData/cocos/editors/Creator/3.8.7/resources/resources/3d/engine/editor/assets/default_renderpipeline/builtin-pipeline-pass.ts.
17:00:53.854 debug: Resolve file:///C:/ProgramData/cocos/editors/Creator/3.8.7/resources/resources/3d/engine/editor/assets/default_renderpipeline/builtin-pipeline-settings.ts from cce:/internal/x/prerequisite-imports as file:///C:/ProgramData/cocos/editors/Creator/3.8.7/resources/resources/3d/engine/editor/assets/default_renderpipeline/builtin-pipeline-settings.ts.
17:00:53.855 debug: Resolve file:///C:/ProgramData/cocos/editors/Creator/3.8.7/resources/resources/3d/engine/editor/assets/default_renderpipeline/builtin-pipeline-types.ts from cce:/internal/x/prerequisite-imports as file:///C:/ProgramData/cocos/editors/Creator/3.8.7/resources/resources/3d/engine/editor/assets/default_renderpipeline/builtin-pipeline-types.ts.
17:00:53.855 debug: Resolve file:///C:/ProgramData/cocos/editors/Creator/3.8.7/resources/resources/3d/engine/editor/assets/default_renderpipeline/builtin-pipeline.ts from cce:/internal/x/prerequisite-imports as file:///C:/ProgramData/cocos/editors/Creator/3.8.7/resources/resources/3d/engine/editor/assets/default_renderpipeline/builtin-pipeline.ts.
17:00:53.855 debug: Resolve file:///C:/ProgramData/cocos/editors/Creator/3.8.7/resources/resources/3d/engine/editor/assets/tools/debug-view-runtime-control.ts from cce:/internal/x/prerequisite-imports as file:///C:/ProgramData/cocos/editors/Creator/3.8.7/resources/resources/3d/engine/editor/assets/tools/debug-view-runtime-control.ts.
17:00:53.856 debug: Resolve file:///C:/Users/PC/Desktop/Slot_Assignment/assets/scripts/Main.ts from cce:/internal/x/prerequisite-imports as file:///C:/Users/PC/Desktop/Slot_Assignment/assets/scripts/Main.ts.
17:00:53.856 debug: Detected change: file:///C:/Users/PC/Desktop/Slot_Assignment/assets/scripts/Main.ts. Last mtime: Mon Dec 15 2025 16:41:25 GMT+0200 (Eastern European Standard Time)@27950da1-7bae-4f4d-92f0-16907272fe63, Current mtime: Mon Dec 15 2025 16:59:15 GMT+0200 (Eastern European Standard Time)@27950da1-7bae-4f4d-92f0-16907272fe63
17:00:53.856 debug: Inspect file:///C:/Users/PC/Desktop/Slot_Assignment/assets/scripts/Main.ts
17:00:53.899 debug: transform url: 'file:///C:/Users/PC/Desktop/Slot_Assignment/assets/scripts/Main.ts' costs: 43.40 ms
17:00:53.901 debug: Resolve file:///C:/Users/PC/Desktop/Slot_Assignment/assets/scripts/MockApi.ts from cce:/internal/x/prerequisite-imports as file:///C:/Users/PC/Desktop/Slot_Assignment/assets/scripts/MockApi.ts.
17:00:53.901 debug: Resolve cce:/internal/code-quality/cr.mjs from file:///C:/Users/PC/Desktop/Slot_Assignment/assets/scripts/Main.ts as cce:/internal/code-quality/cr.mjs.
17:00:53.901 debug: Resolve cc from file:///C:/Users/PC/Desktop/Slot_Assignment/assets/scripts/Main.ts as cce:/internal/x/cc.
17:00:53.901 debug: Resolve cc from file:///C:/Users/PC/Desktop/Slot_Assignment/assets/scripts/Main.ts as cce:/internal/x/cc.
17:00:53.901 debug: Resolve cc from file:///C:/Users/PC/Desktop/Slot_Assignment/assets/scripts/Main.ts as cce:/internal/x/cc.
17:00:53.902 debug: Resolve ./MockApi from file:///C:/Users/PC/Desktop/Slot_Assignment/assets/scripts/Main.ts as file:///C:/Users/PC/Desktop/Slot_Assignment/assets/scripts/MockApi.ts.
17:00:53.909 debug: Target(preview) ends with cost 65.34220000077039ms.
