12-15-2025 15:42:43-log: Cannot access game frame or container.
12-15-2025 15:42:44-debug: asset-db:require-engine-code (460ms)
12-15-2025 15:42:44-log: meshopt wasm decoder initialized
12-15-2025 15:42:44-log: [bullet]:bullet wasm lib loaded.
12-15-2025 15:42:44-log: [box2d]:box2d wasm lib loaded.
12-15-2025 15:42:44-log: Cocos Creator v3.8.7
12-15-2025 15:42:44-log: Using legacy pipeline
12-15-2025 15:42:44-log: Forward render pipeline initialized.
12-15-2025 15:42:44-debug: [Assets Memory track]: asset-db:worker-init: initEngine start:29.76MB, end 79.81MB, increase: 50.04MB
12-15-2025 15:42:45-debug: [Assets Memory track]: asset-db:worker-init: initPlugin start:79.84MB, end 343.83MB, increase: 263.99MB
12-15-2025 15:42:45-debug: run package(wechatprogram) handler(enable) start
12-15-2025 15:42:45-debug: run package(wechatprogram) handler(enable) success!
12-15-2025 15:42:45-debug: run package(windows) handler(enable) start
12-15-2025 15:42:45-debug: run package(windows) handler(enable) success!
12-15-2025 15:42:45-debug: run package(xiaomi-quick-game) handler(enable) start
12-15-2025 15:42:45-debug: run package(xiaomi-quick-game) handler(enable) success!
12-15-2025 15:42:45-debug: run package(im-plugin) handler(enable) start
12-15-2025 15:42:45-debug: run package(cocos-service) handler(enable) start
12-15-2025 15:42:45-debug: run package(cocos-service) handler(enable) success!
12-15-2025 15:42:45-debug: run package(placeholder) handler(enable) success!
12-15-2025 15:42:45-debug: run package(placeholder) handler(enable) start
12-15-2025 15:42:45-debug: run package(im-plugin) handler(enable) success!
12-15-2025 15:42:45-debug: asset-db:worker-init: initPlugin (1274ms)
12-15-2025 15:42:45-debug: [Assets Memory track]: asset-db:worker-init start:29.76MB, end 341.45MB, increase: 311.69MB
12-15-2025 15:42:45-debug: Run asset db hook programming:beforePreStart success!
12-15-2025 15:42:45-debug: Run asset db hook engine-extends:beforePreStart ...
12-15-2025 15:42:45-debug: Run asset db hook engine-extends:beforePreStart success!
12-15-2025 15:42:45-debug: Run asset db hook programming:beforePreStart ...
12-15-2025 15:42:45-debug: Run asset db hook programming:afterPreStart ...
12-15-2025 15:42:45-debug: Preimport db  success
12-15-2025 15:42:45-debug: Preimport db  success
12-15-2025 15:42:45-debug: starting packer-driver...
12-15-2025 15:42:45-debug: asset-db:worker-init (1880ms)
12-15-2025 15:42:45-debug: asset-db-hook-programming-beforePreStart (25ms)
12-15-2025 15:42:45-debug: asset-db-hook-engine-extends-beforePreStart (24ms)
12-15-2025 15:42:45-debug: initialize scripting environment...
12-15-2025 15:42:45-debug: [[Executor]] prepare before lock
12-15-2025 15:42:45-debug: Set detail map pack:///resolution-detail-map.json: {}
12-15-2025 15:42:45-debug: [[Executor]] prepare after unlock
12-15-2025 15:42:45-debug: Run asset db hook programming:afterPreStart success!
12-15-2025 15:42:45-debug: Run asset db hook engine-extends:afterPreStart ...
12-15-2025 15:42:45-debug: Start up the 'internal' database...
12-15-2025 15:42:45-debug: Run asset db hook engine-extends:afterPreStart success!
12-15-2025 15:42:47-debug: asset-db-hook-programming-afterPreStart (2066ms)
12-15-2025 15:42:47-debug: asset-db:worker-effect-data-processing (1892ms)
12-15-2025 15:42:47-debug: asset-db-hook-engine-extends-afterPreStart (1892ms)
12-15-2025 15:42:48-debug: Run asset db hook engine-extends:afterStartDB ...
12-15-2025 15:42:48-debug: recompile effect.bin success
12-15-2025 15:42:48-debug: Run asset db hook engine-extends:afterStartDB success!
12-15-2025 15:42:48-debug: Start up the 'assets' database...
12-15-2025 15:42:48-debug: asset-db:worker-effect-data-processing (176ms)
12-15-2025 15:42:48-debug: asset-db-hook-engine-extends-afterStartDB (176ms)
12-15-2025 15:42:48-debug: Run asset db hook engine-extends:afterStartDB ...
12-15-2025 15:42:48-debug: recompile effect.bin success
12-15-2025 15:42:48-debug: Run asset db hook engine-extends:afterStartDB success!
12-15-2025 15:42:48-debug: lazy register asset handler *
12-15-2025 15:42:48-debug: lazy register asset handler directory
12-15-2025 15:42:48-debug: lazy register asset handler spine-data
12-15-2025 15:42:48-debug: lazy register asset handler text
12-15-2025 15:42:48-debug: lazy register asset handler dragonbones-atlas
12-15-2025 15:42:48-debug: lazy register asset handler terrain
12-15-2025 15:42:48-debug: lazy register asset handler javascript
12-15-2025 15:42:48-debug: lazy register asset handler dragonbones
12-15-2025 15:42:48-debug: lazy register asset handler json
12-15-2025 15:42:48-debug: lazy register asset handler typescript
12-15-2025 15:42:48-debug: lazy register asset handler sprite-frame
12-15-2025 15:42:48-debug: lazy register asset handler scene
12-15-2025 15:42:48-debug: lazy register asset handler prefab
12-15-2025 15:42:48-debug: lazy register asset handler tiled-map
12-15-2025 15:42:48-debug: lazy register asset handler sign-image
12-15-2025 15:42:48-debug: lazy register asset handler alpha-image
12-15-2025 15:42:48-debug: lazy register asset handler buffer
12-15-2025 15:42:48-debug: lazy register asset handler texture
12-15-2025 15:42:48-debug: lazy register asset handler texture-cube
12-15-2025 15:42:48-debug: lazy register asset handler erp-texture-cube
12-15-2025 15:42:48-debug: lazy register asset handler texture-cube-face
12-15-2025 15:42:48-debug: lazy register asset handler render-texture
12-15-2025 15:42:48-debug: lazy register asset handler rt-sprite-frame
12-15-2025 15:42:48-debug: lazy register asset handler image
12-15-2025 15:42:48-debug: lazy register asset handler gltf
12-15-2025 15:42:48-debug: lazy register asset handler gltf-mesh
12-15-2025 15:42:48-debug: lazy register asset handler gltf-skeleton
12-15-2025 15:42:48-debug: lazy register asset handler gltf-animation
12-15-2025 15:42:48-debug: lazy register asset handler gltf-embeded-image
12-15-2025 15:42:48-debug: lazy register asset handler fbx
12-15-2025 15:42:48-debug: lazy register asset handler gltf-material
12-15-2025 15:42:48-debug: lazy register asset handler material
12-15-2025 15:42:48-debug: lazy register asset handler physics-material
12-15-2025 15:42:48-debug: lazy register asset handler effect
12-15-2025 15:42:48-debug: lazy register asset handler gltf-scene
12-15-2025 15:42:48-debug: lazy register asset handler animation-clip
12-15-2025 15:42:48-debug: lazy register asset handler effect-header
12-15-2025 15:42:48-debug: lazy register asset handler audio-clip
12-15-2025 15:42:48-debug: lazy register asset handler animation-graph-variant
12-15-2025 15:42:48-debug: lazy register asset handler animation-graph
12-15-2025 15:42:48-debug: lazy register asset handler bitmap-font
12-15-2025 15:42:48-debug: lazy register asset handler animation-mask
12-15-2025 15:42:48-debug: lazy register asset handler particle
12-15-2025 15:42:48-debug: lazy register asset handler ttf-font
12-15-2025 15:42:48-debug: lazy register asset handler sprite-atlas
12-15-2025 15:42:48-debug: lazy register asset handler render-pipeline
12-15-2025 15:42:48-debug: lazy register asset handler label-atlas
12-15-2025 15:42:48-debug: lazy register asset handler render-stage
12-15-2025 15:42:48-debug: lazy register asset handler auto-atlas
12-15-2025 15:42:48-debug: lazy register asset handler instantiation-material
12-15-2025 15:42:48-debug: lazy register asset handler instantiation-skeleton
12-15-2025 15:42:48-debug: lazy register asset handler instantiation-mesh
12-15-2025 15:42:48-debug: lazy register asset handler render-flow
12-15-2025 15:42:48-debug: lazy register asset handler video-clip
12-15-2025 15:42:48-debug: lazy register asset handler instantiation-animation
12-15-2025 15:42:48-debug: asset-db:worker-effect-data-processing (189ms)
12-15-2025 15:42:48-debug: asset-db-hook-engine-extends-afterStartDB (189ms)
12-15-2025 15:42:48-debug: asset-db:start-database (3323ms)
12-15-2025 15:42:48-debug: asset-db:ready (7446ms)
12-15-2025 15:42:48-debug: init worker message success
12-15-2025 15:42:48-debug: programming:execute-script (4ms)
12-15-2025 15:42:49-debug: [Build Memory track]: builder:worker-init start:224.49MB, end 236.31MB, increase: 11.81MB
12-15-2025 15:42:49-debug: builder:worker-init (341ms)
12-15-2025 15:42:58-debug: refresh db internal success
12-15-2025 15:42:58-debug: refresh db assets success
12-15-2025 15:42:58-debug: Run asset db hook engine-extends:afterRefresh ...
12-15-2025 15:42:58-debug: Run asset db hook engine-extends:afterRefresh success!
12-15-2025 15:42:58-debug: asset-db:refresh-all-database (63ms)
12-15-2025 15:42:58-debug: asset-db:worker-effect-data-processing (4ms)
12-15-2025 15:42:58-debug: asset-db-hook-engine-extends-afterRefresh (4ms)
12-15-2025 15:43:17-debug: refresh db internal success
12-15-2025 15:43:17-debug: refresh db assets success
12-15-2025 15:43:17-debug: Run asset db hook engine-extends:afterRefresh ...
12-15-2025 15:43:17-debug: Run asset db hook engine-extends:afterRefresh success!
12-15-2025 15:43:17-debug: asset-db:refresh-all-database (81ms)
12-15-2025 15:43:17-debug: asset-db:worker-effect-data-processing (4ms)
12-15-2025 15:43:17-debug: asset-db-hook-engine-extends-afterRefresh (4ms)
12-15-2025 15:43:40-debug: refresh db internal success
12-15-2025 15:43:40-debug: refresh db assets success
12-15-2025 15:43:40-debug: Run asset db hook engine-extends:afterRefresh ...
12-15-2025 15:43:40-debug: Run asset db hook engine-extends:afterRefresh success!
12-15-2025 15:43:40-debug: asset-db:refresh-all-database (48ms)
12-15-2025 15:43:40-debug: asset-db:worker-effect-data-processing (-12ms)
12-15-2025 15:43:40-debug: asset-db-hook-engine-extends-afterRefresh (-11ms)
12-15-2025 15:43:42-debug: refresh db internal success
12-15-2025 15:43:42-debug: refresh db assets success
12-15-2025 15:43:42-debug: Run asset db hook engine-extends:afterRefresh ...
12-15-2025 15:43:42-debug: Run asset db hook engine-extends:afterRefresh success!
12-15-2025 15:43:42-debug: asset-db:refresh-all-database (62ms)
12-15-2025 15:43:42-debug: asset-db:worker-effect-data-processing (3ms)
12-15-2025 15:43:42-debug: asset-db-hook-engine-extends-afterRefresh (4ms)
12-15-2025 15:43:50-debug: refresh db internal success
12-15-2025 15:43:50-debug: refresh db assets success
12-15-2025 15:43:50-debug: Run asset db hook engine-extends:afterRefresh ...
12-15-2025 15:43:50-debug: Run asset db hook engine-extends:afterRefresh success!
12-15-2025 15:43:50-debug: asset-db:refresh-all-database (65ms)
12-15-2025 15:43:50-debug: asset-db:worker-effect-data-processing (4ms)
12-15-2025 15:43:50-debug: asset-db-hook-engine-extends-afterRefresh (4ms)
12-15-2025 15:44:14-debug: Query all assets info in project
12-15-2025 15:44:14-debug: init custom config: keepNodeUuid: false, useCache: true
12-15-2025 15:44:14-debug: Skip compress image, progress: 0%
12-15-2025 15:44:14-debug: Init all bundles start..., progress: 0%
12-15-2025 15:44:14-debug: Num of bundles: 2..., progress: 0%
12-15-2025 15:44:14-debug: Query asset bundle start, progress: 0%
12-15-2025 15:44:14-debug: // ---- build task Query asset bundle ----
12-15-2025 15:44:14-debug: Init bundle root assets start..., progress: 0%
12-15-2025 15:44:14-debug:   Number of all scenes: 1
12-15-2025 15:44:14-debug:   Number of all scripts: 8
12-15-2025 15:44:14-debug: Query preload assets/scripts from cc.config.json: 60f7195c-ec2a-45eb-ba94-8955f60e81d0,1c02ae6f-4492-4915-b8f8-7492a3b1e4cd,810e96e4-e456-4468-9b59-f4e8f39732c0,efe8e2a3-eace-427b-b4f1-cb8a937ec77d,e9aa9a3e-5b2b-4ac7-a2c7-073de2b2b24f,8bbdbcdd-5cd4-4100-b6d5-b7c9625b6107,50f4348b-c883-4e2f-8f11-ce233b859fa1,fda095cb-831d-4601-ad94-846013963de8,f92806d7-1768-443f-afe8-12bcde84d0f0,dd3a144d-ab7f-41f0-82b8-2e43a090d496,f0416e68-0200-4b77-a926-4f9d16e494da,970b0598-bcb0-4714-91fb-2e81440dccd8,bcd64cc6-2dd9-43f6-abbe-66318d332032,d930590d-bb92-4cc8-8bd1-23cd027f9edf,a3cd009f-0ab0-420d-9278-b9fdab939bbc,6a2d0734-bd9e-4ddf-946e-caa52498cb75,c27215d8-6835-4b68-bfbb-bdeac6100c04,b5d6115f-0370-4d7c-aad3-c194cc71cf98,871c3b6c-7379-419d-bda3-794b239ab90d,ff9b0199-ce04-4cfe-86cc-6c719f08d6e4,de1c2107-70c8-4021-8459-6399f24d01c6,cbf30902-517f-40dc-af90-a550bac27cf1,5c601d96-e4c7-4698-991b-7ee674b11079
12-15-2025 15:44:14-debug:   Number of other assets: 347
12-15-2025 15:44:14-debug: Init bundle root assets success..., progress: 0%
12-15-2025 15:44:14-debug: // ---- build task Query asset bundle ---- (9ms)
12-15-2025 15:44:14-log: run build task Query asset bundle success in 9 ms√, progress: 5%
12-15-2025 15:44:14-debug: [Build Memory track]: Query asset bundle start:230.07MB, end 228.97MB, increase: -1121.88KB
12-15-2025 15:44:14-debug: Query asset bundle start, progress: 5%
12-15-2025 15:44:14-debug: // ---- build task Query asset bundle ----
12-15-2025 15:44:14-log: run build task Query asset bundle success in 4 ms√, progress: 10%
12-15-2025 15:44:14-debug: // ---- build task Query asset bundle ---- (4ms)
12-15-2025 15:44:14-debug: [Build Memory track]: Query asset bundle start:229.01MB, end 229.11MB, increase: 94.65KB
12-15-2025 15:44:14-debug: Sort some build options to settings.json start, progress: 10%
12-15-2025 15:44:14-debug: // ---- build task Sort some build options to settings.json ----
12-15-2025 15:44:14-debug: // ---- build task Sort some build options to settings.json ---- (4ms)
12-15-2025 15:44:14-log: run build task Sort some build options to settings.json success in 4 ms√, progress: 12%
12-15-2025 15:44:14-debug: [Build Memory track]: Sort some build options to settings.json start:229.15MB, end 229.19MB, increase: 34.49KB
12-15-2025 15:44:14-debug: Fill script data to settings start, progress: 12%
12-15-2025 15:44:14-debug: // ---- build task Fill script data to settings ----
12-15-2025 15:44:14-debug: // ---- build task Fill script data to settings ---- (4ms)
12-15-2025 15:44:14-log: run build task Fill script data to settings success in 4 ms√, progress: 13%
12-15-2025 15:44:14-debug: [Build Memory track]: Fill script data to settings start:229.23MB, end 229.27MB, increase: 36.09KB
12-15-2025 15:44:14-debug: Sort some build options to settings.json start, progress: 13%
12-15-2025 15:44:14-debug: // ---- build task Sort some build options to settings.json ----
12-15-2025 15:44:14-debug: // ---- build task Sort some build options to settings.json ---- (6ms)
12-15-2025 15:44:14-log: run build task Sort some build options to settings.json success in 6 ms√, progress: 15%
12-15-2025 15:44:14-debug: [Build Memory track]: Sort some build options to settings.json start:229.31MB, end 229.45MB, increase: 147.03KB
12-15-2025 16:36:42-debug: refresh db internal success
12-15-2025 16:36:42-debug: %cImport%c: C:\Users\PC\Desktop\Slot_Assignment\assets\scripts\Main.tsbackground: #aaff85; color: #000;color: #000;
12-15-2025 16:36:42-debug: %cImport%c: C:\Users\PC\Desktop\Slot_Assignment\assets\scripts\MainFunctional.tsbackground: #aaff85; color: #000;color: #000;
12-15-2025 16:36:42-debug: %cImport%c: C:\Users\PC\Desktop\Slot_Assignment\assets\scriptsbackground: #aaff85; color: #000;color: #000;
12-15-2025 16:36:42-debug: refresh db assets success
12-15-2025 16:36:42-debug: Run asset db hook engine-extends:afterRefresh ...
12-15-2025 16:36:42-debug: Run asset db hook engine-extends:afterRefresh success!
12-15-2025 16:36:42-debug: asset-db:refresh-all-database (106ms)
12-15-2025 16:36:42-debug: asset-db:worker-effect-data-processing (2ms)
12-15-2025 16:36:42-debug: asset-db-hook-engine-extends-afterRefresh (2ms)
12-15-2025 16:36:44-debug: Query all assets info in project
12-15-2025 16:36:44-debug: Skip compress image, progress: 0%
12-15-2025 16:36:44-debug: init custom config: keepNodeUuid: false, useCache: true
12-15-2025 16:36:44-debug: Num of bundles: 2..., progress: 0%
12-15-2025 16:36:44-debug: Query asset bundle start, progress: 0%
12-15-2025 16:36:44-debug: Init all bundles start..., progress: 0%
12-15-2025 16:36:44-debug: // ---- build task Query asset bundle ----
12-15-2025 16:36:44-debug: Init bundle root assets start..., progress: 0%
12-15-2025 16:36:44-debug: Query preload assets/scripts from cc.config.json: 60f7195c-ec2a-45eb-ba94-8955f60e81d0,1c02ae6f-4492-4915-b8f8-7492a3b1e4cd,810e96e4-e456-4468-9b59-f4e8f39732c0,efe8e2a3-eace-427b-b4f1-cb8a937ec77d,e9aa9a3e-5b2b-4ac7-a2c7-073de2b2b24f,8bbdbcdd-5cd4-4100-b6d5-b7c9625b6107,50f4348b-c883-4e2f-8f11-ce233b859fa1,fda095cb-831d-4601-ad94-846013963de8,f92806d7-1768-443f-afe8-12bcde84d0f0,dd3a144d-ab7f-41f0-82b8-2e43a090d496,f0416e68-0200-4b77-a926-4f9d16e494da,970b0598-bcb0-4714-91fb-2e81440dccd8,bcd64cc6-2dd9-43f6-abbe-66318d332032,d930590d-bb92-4cc8-8bd1-23cd027f9edf,a3cd009f-0ab0-420d-9278-b9fdab939bbc,6a2d0734-bd9e-4ddf-946e-caa52498cb75,c27215d8-6835-4b68-bfbb-bdeac6100c04,b5d6115f-0370-4d7c-aad3-c194cc71cf98,871c3b6c-7379-419d-bda3-794b239ab90d,ff9b0199-ce04-4cfe-86cc-6c719f08d6e4,de1c2107-70c8-4021-8459-6399f24d01c6,cbf30902-517f-40dc-af90-a550bac27cf1,5c601d96-e4c7-4698-991b-7ee674b11079
12-15-2025 16:36:44-debug:   Number of all scenes: 1
12-15-2025 16:36:44-debug:   Number of all scripts: 9
12-15-2025 16:36:44-debug:   Number of other assets: 347
12-15-2025 16:36:44-debug: Init bundle root assets success..., progress: 0%
12-15-2025 16:36:44-debug: // ---- build task Query asset bundle ---- (20ms)
12-15-2025 16:36:44-log: run build task Query asset bundle success in 20 ms√, progress: 5%
12-15-2025 16:36:44-debug: // ---- build task Query asset bundle ----
12-15-2025 16:36:44-debug: [Build Memory track]: Query asset bundle start:230.88MB, end 230.54MB, increase: -357.65KB
12-15-2025 16:36:44-debug: Query asset bundle start, progress: 5%
12-15-2025 16:36:44-debug: // ---- build task Query asset bundle ---- (3ms)
12-15-2025 16:36:44-log: run build task Query asset bundle success in 3 ms√, progress: 10%
12-15-2025 16:36:44-debug: [Build Memory track]: Query asset bundle start:230.57MB, end 230.66MB, increase: 91.49KB
12-15-2025 16:36:44-debug: Sort some build options to settings.json start, progress: 10%
12-15-2025 16:36:44-debug: // ---- build task Sort some build options to settings.json ----
12-15-2025 16:36:44-debug: // ---- build task Sort some build options to settings.json ---- (1ms)
12-15-2025 16:36:44-debug: [Build Memory track]: Sort some build options to settings.json start:230.71MB, end 230.74MB, increase: 33.49KB
12-15-2025 16:36:44-debug: Fill script data to settings start, progress: 12%
12-15-2025 16:36:44-log: run build task Sort some build options to settings.json success in 1 ms√, progress: 12%
12-15-2025 16:36:44-debug: // ---- build task Fill script data to settings ----
12-15-2025 16:36:44-debug: // ---- build task Fill script data to settings ---- (2ms)
12-15-2025 16:36:44-log: run build task Fill script data to settings success in 2 ms√, progress: 13%
12-15-2025 16:36:44-debug: Sort some build options to settings.json start, progress: 13%
12-15-2025 16:36:44-debug: // ---- build task Sort some build options to settings.json ----
12-15-2025 16:36:44-debug: [Build Memory track]: Fill script data to settings start:230.78MB, end 230.82MB, increase: 38.12KB
12-15-2025 16:36:44-debug: // ---- build task Sort some build options to settings.json ---- (5ms)
12-15-2025 16:36:44-log: run build task Sort some build options to settings.json success in 5 ms√, progress: 15%
12-15-2025 16:36:44-debug: [Build Memory track]: Sort some build options to settings.json start:230.86MB, end 230.99MB, increase: 134.73KB
12-15-2025 16:36:50-warn: Please set the application in {preferences} -> {program} -> {scriptEditor} to better open the script
12-15-2025 16:36:53-debug: refresh db internal success
12-15-2025 16:36:53-debug: refresh db assets success
12-15-2025 16:36:53-debug: Run asset db hook engine-extends:afterRefresh ...
12-15-2025 16:36:53-debug: Run asset db hook engine-extends:afterRefresh success!
12-15-2025 16:36:53-debug: asset-db:refresh-all-database (62ms)
12-15-2025 16:36:53-debug: asset-db:worker-effect-data-processing (1ms)
12-15-2025 16:36:53-debug: asset-db-hook-engine-extends-afterRefresh (2ms)
12-15-2025 16:37:01-debug: Query all assets info in project
12-15-2025 16:37:01-debug: init custom config: keepNodeUuid: false, useCache: true
12-15-2025 16:37:01-debug: Skip compress image, progress: 0%
12-15-2025 16:37:01-debug: Num of bundles: 2..., progress: 0%
12-15-2025 16:37:01-debug: Init all bundles start..., progress: 0%
12-15-2025 16:37:01-debug: // ---- build task Query asset bundle ----
12-15-2025 16:37:01-debug: Query asset bundle start, progress: 0%
12-15-2025 16:37:01-debug: Init bundle root assets start..., progress: 0%
12-15-2025 16:37:01-debug: Query preload assets/scripts from cc.config.json: 60f7195c-ec2a-45eb-ba94-8955f60e81d0,1c02ae6f-4492-4915-b8f8-7492a3b1e4cd,810e96e4-e456-4468-9b59-f4e8f39732c0,efe8e2a3-eace-427b-b4f1-cb8a937ec77d,e9aa9a3e-5b2b-4ac7-a2c7-073de2b2b24f,8bbdbcdd-5cd4-4100-b6d5-b7c9625b6107,50f4348b-c883-4e2f-8f11-ce233b859fa1,fda095cb-831d-4601-ad94-846013963de8,f92806d7-1768-443f-afe8-12bcde84d0f0,dd3a144d-ab7f-41f0-82b8-2e43a090d496,f0416e68-0200-4b77-a926-4f9d16e494da,970b0598-bcb0-4714-91fb-2e81440dccd8,bcd64cc6-2dd9-43f6-abbe-66318d332032,d930590d-bb92-4cc8-8bd1-23cd027f9edf,a3cd009f-0ab0-420d-9278-b9fdab939bbc,6a2d0734-bd9e-4ddf-946e-caa52498cb75,c27215d8-6835-4b68-bfbb-bdeac6100c04,b5d6115f-0370-4d7c-aad3-c194cc71cf98,871c3b6c-7379-419d-bda3-794b239ab90d,ff9b0199-ce04-4cfe-86cc-6c719f08d6e4,de1c2107-70c8-4021-8459-6399f24d01c6,cbf30902-517f-40dc-af90-a550bac27cf1,5c601d96-e4c7-4698-991b-7ee674b11079
12-15-2025 16:37:01-debug:   Number of all scenes: 1
12-15-2025 16:37:01-debug:   Number of all scripts: 9
12-15-2025 16:37:01-debug: Init bundle root assets success..., progress: 0%
12-15-2025 16:37:01-debug:   Number of other assets: 347
12-15-2025 16:37:01-debug: // ---- build task Query asset bundle ---- (6ms)
12-15-2025 16:37:01-debug: [Build Memory track]: Query asset bundle start:231.67MB, end 232.28MB, increase: 625.48KB
12-15-2025 16:37:01-log: run build task Query asset bundle success in 6 ms√, progress: 5%
12-15-2025 16:37:01-debug: Query asset bundle start, progress: 5%
12-15-2025 16:37:01-debug: // ---- build task Query asset bundle ----
12-15-2025 16:37:01-debug: // ---- build task Query asset bundle ---- (3ms)
12-15-2025 16:37:01-log: run build task Query asset bundle success in 3 ms√, progress: 10%
12-15-2025 16:37:01-debug: Sort some build options to settings.json start, progress: 10%
12-15-2025 16:37:01-debug: [Build Memory track]: Query asset bundle start:232.32MB, end 231.68MB, increase: -661.52KB
12-15-2025 16:37:01-debug: // ---- build task Sort some build options to settings.json ----
12-15-2025 16:37:01-debug: // ---- build task Sort some build options to settings.json ---- (1ms)
12-15-2025 16:37:01-log: run build task Sort some build options to settings.json success in 1 ms√, progress: 12%
12-15-2025 16:37:01-debug: [Build Memory track]: Sort some build options to settings.json start:231.72MB, end 231.75MB, increase: 33.77KB
12-15-2025 16:37:01-debug: Fill script data to settings start, progress: 12%
12-15-2025 16:37:01-debug: // ---- build task Fill script data to settings ----
12-15-2025 16:37:01-debug: // ---- build task Fill script data to settings ---- (2ms)
12-15-2025 16:37:01-log: run build task Fill script data to settings success in 2 ms√, progress: 13%
12-15-2025 16:37:01-debug: [Build Memory track]: Fill script data to settings start:231.79MB, end 231.82MB, increase: 33.35KB
12-15-2025 16:37:01-debug: Sort some build options to settings.json start, progress: 13%
12-15-2025 16:37:01-debug: // ---- build task Sort some build options to settings.json ----
12-15-2025 16:37:01-debug: // ---- build task Sort some build options to settings.json ---- (4ms)
12-15-2025 16:37:01-log: run build task Sort some build options to settings.json success in 4 ms√, progress: 15%
12-15-2025 16:37:01-debug: [Build Memory track]: Sort some build options to settings.json start:231.86MB, end 231.99MB, increase: 134.16KB
12-15-2025 16:37:14-debug: refresh db internal success
12-15-2025 16:37:14-debug: %cImport%c: C:\Users\PC\Desktop\Slot_Assignment\assets\scripts\Main.tsbackground: #aaff85; color: #000;color: #000;
12-15-2025 16:37:14-debug: refresh db assets success
12-15-2025 16:37:14-debug: Run asset db hook engine-extends:afterRefresh ...
12-15-2025 16:37:14-debug: Run asset db hook engine-extends:afterRefresh success!
12-15-2025 16:37:14-debug: asset-db:worker-effect-data-processing (1ms)
12-15-2025 16:37:14-debug: asset-db:refresh-all-database (64ms)
12-15-2025 16:37:14-debug: asset-db-hook-engine-extends-afterRefresh (1ms)
12-15-2025 16:37:14-debug: %cImport%c: C:\Users\PC\Desktop\Slot_Assignment\assets\scenes\main.scenebackground: #aaff85; color: #000;color: #000;
12-15-2025 16:37:14-debug: asset-db:reimport-asset805c919f-5b18-43e8-ab06-c23eb2a44a84 (5ms)
12-15-2025 16:37:15-debug: Query all assets info in project
12-15-2025 16:37:15-debug: init custom config: keepNodeUuid: false, useCache: true
12-15-2025 16:37:15-debug: Skip compress image, progress: 0%
12-15-2025 16:37:15-debug: Init all bundles start..., progress: 0%
12-15-2025 16:37:15-debug: Num of bundles: 2..., progress: 0%
12-15-2025 16:37:15-debug: Query asset bundle start, progress: 0%
12-15-2025 16:37:15-debug: // ---- build task Query asset bundle ----
12-15-2025 16:37:15-debug: Init bundle root assets start..., progress: 0%
12-15-2025 16:37:15-debug: Query preload assets/scripts from cc.config.json: 60f7195c-ec2a-45eb-ba94-8955f60e81d0,1c02ae6f-4492-4915-b8f8-7492a3b1e4cd,810e96e4-e456-4468-9b59-f4e8f39732c0,efe8e2a3-eace-427b-b4f1-cb8a937ec77d,e9aa9a3e-5b2b-4ac7-a2c7-073de2b2b24f,8bbdbcdd-5cd4-4100-b6d5-b7c9625b6107,50f4348b-c883-4e2f-8f11-ce233b859fa1,fda095cb-831d-4601-ad94-846013963de8,f92806d7-1768-443f-afe8-12bcde84d0f0,dd3a144d-ab7f-41f0-82b8-2e43a090d496,f0416e68-0200-4b77-a926-4f9d16e494da,970b0598-bcb0-4714-91fb-2e81440dccd8,bcd64cc6-2dd9-43f6-abbe-66318d332032,d930590d-bb92-4cc8-8bd1-23cd027f9edf,a3cd009f-0ab0-420d-9278-b9fdab939bbc,6a2d0734-bd9e-4ddf-946e-caa52498cb75,c27215d8-6835-4b68-bfbb-bdeac6100c04,b5d6115f-0370-4d7c-aad3-c194cc71cf98,871c3b6c-7379-419d-bda3-794b239ab90d,ff9b0199-ce04-4cfe-86cc-6c719f08d6e4,de1c2107-70c8-4021-8459-6399f24d01c6,cbf30902-517f-40dc-af90-a550bac27cf1,5c601d96-e4c7-4698-991b-7ee674b11079
12-15-2025 16:37:15-debug:   Number of all scripts: 9
12-15-2025 16:37:15-debug:   Number of other assets: 347
12-15-2025 16:37:15-debug: Init bundle root assets success..., progress: 0%
12-15-2025 16:37:15-debug:   Number of all scenes: 1
12-15-2025 16:37:15-debug: // ---- build task Query asset bundle ---- (5ms)
12-15-2025 16:37:15-log: run build task Query asset bundle success in 5 ms√, progress: 5%
12-15-2025 16:37:15-debug: [Build Memory track]: Query asset bundle start:233.61MB, end 233.34MB, increase: -276.44KB
12-15-2025 16:37:15-debug: Query asset bundle start, progress: 5%
12-15-2025 16:37:15-debug: // ---- build task Query asset bundle ----
12-15-2025 16:37:15-debug: // ---- build task Query asset bundle ---- (3ms)
12-15-2025 16:37:15-log: run build task Query asset bundle success in 3 ms√, progress: 10%
12-15-2025 16:37:15-debug: [Build Memory track]: Query asset bundle start:233.38MB, end 233.49MB, increase: 112.59KB
12-15-2025 16:37:15-debug: Sort some build options to settings.json start, progress: 10%
12-15-2025 16:37:15-debug: // ---- build task Sort some build options to settings.json ----
12-15-2025 16:37:15-debug: // ---- build task Sort some build options to settings.json ---- (1ms)
12-15-2025 16:37:15-log: run build task Sort some build options to settings.json success in 1 ms√, progress: 12%
12-15-2025 16:37:15-debug: [Build Memory track]: Sort some build options to settings.json start:233.52MB, end 233.56MB, increase: 34.03KB
12-15-2025 16:37:15-debug: Fill script data to settings start, progress: 12%
12-15-2025 16:37:15-debug: // ---- build task Fill script data to settings ----
12-15-2025 16:37:15-debug: // ---- build task Fill script data to settings ---- (1ms)
12-15-2025 16:37:15-log: run build task Fill script data to settings success in 1 ms√, progress: 13%
12-15-2025 16:37:15-debug: [Build Memory track]: Fill script data to settings start:233.60MB, end 233.63MB, increase: 32.85KB
12-15-2025 16:37:15-debug: Sort some build options to settings.json start, progress: 13%
12-15-2025 16:37:15-debug: // ---- build task Sort some build options to settings.json ----
12-15-2025 16:37:15-debug: // ---- build task Sort some build options to settings.json ---- (5ms)
12-15-2025 16:37:15-log: run build task Sort some build options to settings.json success in 5 ms√, progress: 15%
12-15-2025 16:37:15-debug: [Build Memory track]: Sort some build options to settings.json start:233.67MB, end 233.10MB, increase: -580.36KB
12-15-2025 16:37:15-debug: Query all assets info in project
12-15-2025 16:37:15-debug: init custom config: keepNodeUuid: false, useCache: true
12-15-2025 16:37:15-debug: Skip compress image, progress: 0%
12-15-2025 16:37:15-debug: Init all bundles start..., progress: 0%
12-15-2025 16:37:15-debug: Num of bundles: 2..., progress: 0%
12-15-2025 16:37:15-debug: // ---- build task Query asset bundle ----
12-15-2025 16:37:15-debug: Query asset bundle start, progress: 0%
12-15-2025 16:37:15-debug: Init bundle root assets start..., progress: 0%
12-15-2025 16:37:15-debug: Query preload assets/scripts from cc.config.json: 60f7195c-ec2a-45eb-ba94-8955f60e81d0,1c02ae6f-4492-4915-b8f8-7492a3b1e4cd,810e96e4-e456-4468-9b59-f4e8f39732c0,efe8e2a3-eace-427b-b4f1-cb8a937ec77d,e9aa9a3e-5b2b-4ac7-a2c7-073de2b2b24f,8bbdbcdd-5cd4-4100-b6d5-b7c9625b6107,50f4348b-c883-4e2f-8f11-ce233b859fa1,fda095cb-831d-4601-ad94-846013963de8,f92806d7-1768-443f-afe8-12bcde84d0f0,dd3a144d-ab7f-41f0-82b8-2e43a090d496,f0416e68-0200-4b77-a926-4f9d16e494da,970b0598-bcb0-4714-91fb-2e81440dccd8,bcd64cc6-2dd9-43f6-abbe-66318d332032,d930590d-bb92-4cc8-8bd1-23cd027f9edf,a3cd009f-0ab0-420d-9278-b9fdab939bbc,6a2d0734-bd9e-4ddf-946e-caa52498cb75,c27215d8-6835-4b68-bfbb-bdeac6100c04,b5d6115f-0370-4d7c-aad3-c194cc71cf98,871c3b6c-7379-419d-bda3-794b239ab90d,ff9b0199-ce04-4cfe-86cc-6c719f08d6e4,de1c2107-70c8-4021-8459-6399f24d01c6,cbf30902-517f-40dc-af90-a550bac27cf1,5c601d96-e4c7-4698-991b-7ee674b11079
12-15-2025 16:37:15-debug:   Number of all scenes: 1
12-15-2025 16:37:15-debug:   Number of all scripts: 9
12-15-2025 16:37:15-debug:   Number of other assets: 347
12-15-2025 16:37:15-debug: Init bundle root assets success..., progress: 0%
12-15-2025 16:37:15-debug: // ---- build task Query asset bundle ---- (7ms)
12-15-2025 16:37:15-log: run build task Query asset bundle success in 7 ms√, progress: 5%
12-15-2025 16:37:15-debug: [Build Memory track]: Query asset bundle start:233.47MB, end 234.06MB, increase: 598.98KB
12-15-2025 16:37:15-debug: Query asset bundle start, progress: 5%
12-15-2025 16:37:15-debug: // ---- build task Query asset bundle ----
12-15-2025 16:37:15-debug: // ---- build task Query asset bundle ---- (3ms)
12-15-2025 16:37:15-log: run build task Query asset bundle success in 3 ms√, progress: 10%
12-15-2025 16:37:15-debug: [Build Memory track]: Query asset bundle start:234.10MB, end 234.19MB, increase: 98.03KB
12-15-2025 16:37:15-debug: Sort some build options to settings.json start, progress: 10%
12-15-2025 16:37:15-debug: // ---- build task Sort some build options to settings.json ----
12-15-2025 16:37:15-debug: // ---- build task Sort some build options to settings.json ---- (1ms)
12-15-2025 16:37:15-log: run build task Sort some build options to settings.json success in 1 ms√, progress: 12%
12-15-2025 16:37:15-debug: [Build Memory track]: Sort some build options to settings.json start:234.23MB, end 234.27MB, increase: 42.99KB
12-15-2025 16:37:15-debug: Fill script data to settings start, progress: 12%
12-15-2025 16:37:15-debug: // ---- build task Fill script data to settings ----
12-15-2025 16:37:15-debug: // ---- build task Fill script data to settings ---- (1ms)
12-15-2025 16:37:15-log: run build task Fill script data to settings success in 1 ms√, progress: 13%
12-15-2025 16:37:15-debug: [Build Memory track]: Fill script data to settings start:234.31MB, end 234.34MB, increase: 33.30KB
12-15-2025 16:37:15-debug: Sort some build options to settings.json start, progress: 13%
12-15-2025 16:37:15-debug: // ---- build task Sort some build options to settings.json ----
12-15-2025 16:37:15-debug: // ---- build task Sort some build options to settings.json ---- (4ms)
12-15-2025 16:37:15-log: run build task Sort some build options to settings.json success in 4 ms√, progress: 15%
12-15-2025 16:37:15-debug: [Build Memory track]: Sort some build options to settings.json start:234.38MB, end 234.51MB, increase: 134.27KB
12-15-2025 16:37:20-debug: refresh db internal success
12-15-2025 16:37:20-debug: refresh db assets success
12-15-2025 16:37:20-debug: Run asset db hook engine-extends:afterRefresh ...
12-15-2025 16:37:20-debug: Run asset db hook engine-extends:afterRefresh success!
12-15-2025 16:37:20-debug: asset-db:refresh-all-database (61ms)
12-15-2025 16:37:20-debug: asset-db:worker-effect-data-processing (1ms)
12-15-2025 16:37:20-debug: asset-db-hook-engine-extends-afterRefresh (2ms)
12-15-2025 16:44:11-debug: refresh db internal success
12-15-2025 16:44:11-debug: %cImport%c: C:\Users\PC\Desktop\Slot_Assignment\assets\scripts\MainFunctional.tsbackground: #aaff85; color: #000;color: #000;
12-15-2025 16:44:11-debug: %cImport%c: C:\Users\PC\Desktop\Slot_Assignment\assets\scripts\MainFunctional copy.tsbackground: #aaff85; color: #000;color: #000;
12-15-2025 16:44:11-debug: %cImport%c: C:\Users\PC\Desktop\Slot_Assignment\assets\scripts\Main.tsbackground: #aaff85; color: #000;color: #000;
12-15-2025 16:44:11-debug: %cImport%c: C:\Users\PC\Desktop\Slot_Assignment\assets\scriptsbackground: #aaff85; color: #000;color: #000;
12-15-2025 16:44:11-debug: refresh db assets success
12-15-2025 16:44:11-debug: Run asset db hook engine-extends:afterRefresh ...
12-15-2025 16:44:11-debug: Run asset db hook engine-extends:afterRefresh success!
12-15-2025 16:44:11-debug: asset-db:refresh-all-database (66ms)
12-15-2025 16:44:11-debug: asset-db-hook-engine-extends-afterRefresh (1ms)
12-15-2025 16:44:12-debug: Query all assets info in project
12-15-2025 16:44:12-debug: init custom config: keepNodeUuid: false, useCache: true
12-15-2025 16:44:12-debug: Skip compress image, progress: 0%
12-15-2025 16:44:12-debug: Init all bundles start..., progress: 0%
12-15-2025 16:44:12-debug: Num of bundles: 2..., progress: 0%
12-15-2025 16:44:12-debug: Query asset bundle start, progress: 0%
12-15-2025 16:44:12-debug: // ---- build task Query asset bundle ----
12-15-2025 16:44:12-debug: Init bundle root assets start..., progress: 0%
12-15-2025 16:44:12-debug: Query preload assets/scripts from cc.config.json: 60f7195c-ec2a-45eb-ba94-8955f60e81d0,1c02ae6f-4492-4915-b8f8-7492a3b1e4cd,810e96e4-e456-4468-9b59-f4e8f39732c0,efe8e2a3-eace-427b-b4f1-cb8a937ec77d,e9aa9a3e-5b2b-4ac7-a2c7-073de2b2b24f,8bbdbcdd-5cd4-4100-b6d5-b7c9625b6107,50f4348b-c883-4e2f-8f11-ce233b859fa1,fda095cb-831d-4601-ad94-846013963de8,f92806d7-1768-443f-afe8-12bcde84d0f0,dd3a144d-ab7f-41f0-82b8-2e43a090d496,f0416e68-0200-4b77-a926-4f9d16e494da,970b0598-bcb0-4714-91fb-2e81440dccd8,bcd64cc6-2dd9-43f6-abbe-66318d332032,d930590d-bb92-4cc8-8bd1-23cd027f9edf,a3cd009f-0ab0-420d-9278-b9fdab939bbc,6a2d0734-bd9e-4ddf-946e-caa52498cb75,c27215d8-6835-4b68-bfbb-bdeac6100c04,b5d6115f-0370-4d7c-aad3-c194cc71cf98,871c3b6c-7379-419d-bda3-794b239ab90d,ff9b0199-ce04-4cfe-86cc-6c719f08d6e4,de1c2107-70c8-4021-8459-6399f24d01c6,cbf30902-517f-40dc-af90-a550bac27cf1,5c601d96-e4c7-4698-991b-7ee674b11079
12-15-2025 16:44:12-debug:   Number of all scenes: 1
12-15-2025 16:44:12-debug:   Number of all scripts: 10
12-15-2025 16:44:12-debug: Init bundle root assets success..., progress: 0%
12-15-2025 16:44:12-debug:   Number of other assets: 347
12-15-2025 16:44:12-debug: // ---- build task Query asset bundle ---- (4ms)
12-15-2025 16:44:12-debug: [Build Memory track]: Query asset bundle start:236.30MB, end 235.98MB, increase: -326.08KB
12-15-2025 16:44:12-debug: Query asset bundle start, progress: 5%
12-15-2025 16:44:12-log: run build task Query asset bundle success in 4 ms√, progress: 5%
12-15-2025 16:44:12-debug: // ---- build task Query asset bundle ----
12-15-2025 16:44:12-debug: // ---- build task Query asset bundle ---- (3ms)
12-15-2025 16:44:12-log: run build task Query asset bundle success in 3 ms√, progress: 10%
12-15-2025 16:44:12-debug: [Build Memory track]: Query asset bundle start:236.01MB, end 236.09MB, increase: 84.79KB
12-15-2025 16:44:12-debug: Sort some build options to settings.json start, progress: 10%
12-15-2025 16:44:12-debug: // ---- build task Sort some build options to settings.json ----
12-15-2025 16:44:12-debug: // ---- build task Sort some build options to settings.json ---- (1ms)
12-15-2025 16:44:12-debug: [Build Memory track]: Sort some build options to settings.json start:236.12MB, end 236.15MB, increase: 27.37KB
12-15-2025 16:44:12-log: run build task Sort some build options to settings.json success in 1 ms√, progress: 12%
12-15-2025 16:44:12-debug: Fill script data to settings start, progress: 12%
12-15-2025 16:44:12-debug: // ---- build task Fill script data to settings ----
12-15-2025 16:44:12-debug: // ---- build task Fill script data to settings ---- (1ms)
12-15-2025 16:44:12-log: run build task Fill script data to settings success in 1 ms√, progress: 13%
12-15-2025 16:44:12-debug: Sort some build options to settings.json start, progress: 13%
12-15-2025 16:44:12-debug: [Build Memory track]: Fill script data to settings start:236.18MB, end 236.21MB, increase: 32.81KB
12-15-2025 16:44:12-debug: // ---- build task Sort some build options to settings.json ----
12-15-2025 16:44:12-debug: // ---- build task Sort some build options to settings.json ---- (4ms)
12-15-2025 16:44:12-log: run build task Sort some build options to settings.json success in 4 ms√, progress: 15%
12-15-2025 16:44:12-debug: [Build Memory track]: Sort some build options to settings.json start:236.24MB, end 236.37MB, increase: 131.43KB
12-15-2025 16:44:12-debug: Query all assets info in project
12-15-2025 16:44:12-debug: init custom config: keepNodeUuid: false, useCache: true
12-15-2025 16:44:12-debug: Skip compress image, progress: 0%
12-15-2025 16:44:12-debug: Init all bundles start..., progress: 0%
12-15-2025 16:44:12-debug: Num of bundles: 2..., progress: 0%
12-15-2025 16:44:12-debug: Query asset bundle start, progress: 0%
12-15-2025 16:44:12-debug: // ---- build task Query asset bundle ----
12-15-2025 16:44:12-debug: Init bundle root assets start..., progress: 0%
12-15-2025 16:44:12-debug: Query preload assets/scripts from cc.config.json: 60f7195c-ec2a-45eb-ba94-8955f60e81d0,1c02ae6f-4492-4915-b8f8-7492a3b1e4cd,810e96e4-e456-4468-9b59-f4e8f39732c0,efe8e2a3-eace-427b-b4f1-cb8a937ec77d,e9aa9a3e-5b2b-4ac7-a2c7-073de2b2b24f,8bbdbcdd-5cd4-4100-b6d5-b7c9625b6107,50f4348b-c883-4e2f-8f11-ce233b859fa1,fda095cb-831d-4601-ad94-846013963de8,f92806d7-1768-443f-afe8-12bcde84d0f0,dd3a144d-ab7f-41f0-82b8-2e43a090d496,f0416e68-0200-4b77-a926-4f9d16e494da,970b0598-bcb0-4714-91fb-2e81440dccd8,bcd64cc6-2dd9-43f6-abbe-66318d332032,d930590d-bb92-4cc8-8bd1-23cd027f9edf,a3cd009f-0ab0-420d-9278-b9fdab939bbc,6a2d0734-bd9e-4ddf-946e-caa52498cb75,c27215d8-6835-4b68-bfbb-bdeac6100c04,b5d6115f-0370-4d7c-aad3-c194cc71cf98,871c3b6c-7379-419d-bda3-794b239ab90d,ff9b0199-ce04-4cfe-86cc-6c719f08d6e4,de1c2107-70c8-4021-8459-6399f24d01c6,cbf30902-517f-40dc-af90-a550bac27cf1,5c601d96-e4c7-4698-991b-7ee674b11079
12-15-2025 16:44:12-debug:   Number of all scenes: 1
12-15-2025 16:44:12-debug:   Number of other assets: 347
12-15-2025 16:44:12-debug:   Number of all scripts: 10
12-15-2025 16:44:12-debug: Init bundle root assets success..., progress: 0%
12-15-2025 16:44:12-debug: // ---- build task Query asset bundle ---- (4ms)
12-15-2025 16:44:12-log: run build task Query asset bundle success in 4 ms√, progress: 5%
12-15-2025 16:44:12-debug: Query asset bundle start, progress: 5%
12-15-2025 16:44:12-debug: [Build Memory track]: Query asset bundle start:236.68MB, end 237.23MB, increase: 565.18KB
12-15-2025 16:44:12-debug: // ---- build task Query asset bundle ----
12-15-2025 16:44:12-debug: // ---- build task Query asset bundle ---- (2ms)
12-15-2025 16:44:12-log: run build task Query asset bundle success in 2 ms√, progress: 10%
12-15-2025 16:44:12-debug: [Build Memory track]: Query asset bundle start:237.26MB, end 237.34MB, increase: 83.77KB
12-15-2025 16:44:12-debug: Sort some build options to settings.json start, progress: 10%
12-15-2025 16:44:12-debug: // ---- build task Sort some build options to settings.json ----
12-15-2025 16:44:12-debug: // ---- build task Sort some build options to settings.json ---- (1ms)
12-15-2025 16:44:12-log: run build task Sort some build options to settings.json success in 1 ms√, progress: 12%
12-15-2025 16:44:12-debug: Fill script data to settings start, progress: 12%
12-15-2025 16:44:12-debug: [Build Memory track]: Sort some build options to settings.json start:237.37MB, end 237.40MB, increase: 28.21KB
12-15-2025 16:44:12-debug: // ---- build task Fill script data to settings ----
12-15-2025 16:44:12-debug: // ---- build task Fill script data to settings ---- (1ms)
12-15-2025 16:44:12-log: run build task Fill script data to settings success in 1 ms√, progress: 13%
12-15-2025 16:44:12-debug: // ---- build task Sort some build options to settings.json ----
12-15-2025 16:44:12-debug: [Build Memory track]: Fill script data to settings start:237.43MB, end 237.46MB, increase: 26.46KB
12-15-2025 16:44:12-debug: Sort some build options to settings.json start, progress: 13%
12-15-2025 16:44:12-debug: // ---- build task Sort some build options to settings.json ---- (3ms)
12-15-2025 16:44:12-log: run build task Sort some build options to settings.json success in 3 ms√, progress: 15%
12-15-2025 16:44:12-debug: [Build Memory track]: Sort some build options to settings.json start:237.48MB, end 236.11MB, increase: -1409.60KB
12-15-2025 16:44:12-debug: Query all assets info in project
12-15-2025 16:44:12-debug: init custom config: keepNodeUuid: false, useCache: true
12-15-2025 16:44:12-debug: Skip compress image, progress: 0%
12-15-2025 16:44:12-debug: Init all bundles start..., progress: 0%
12-15-2025 16:44:12-debug: Num of bundles: 2..., progress: 0%
12-15-2025 16:44:12-debug: Query asset bundle start, progress: 0%
12-15-2025 16:44:12-debug: // ---- build task Query asset bundle ----
12-15-2025 16:44:12-debug: Init bundle root assets start..., progress: 0%
12-15-2025 16:44:12-debug: Query preload assets/scripts from cc.config.json: 60f7195c-ec2a-45eb-ba94-8955f60e81d0,1c02ae6f-4492-4915-b8f8-7492a3b1e4cd,810e96e4-e456-4468-9b59-f4e8f39732c0,efe8e2a3-eace-427b-b4f1-cb8a937ec77d,e9aa9a3e-5b2b-4ac7-a2c7-073de2b2b24f,8bbdbcdd-5cd4-4100-b6d5-b7c9625b6107,50f4348b-c883-4e2f-8f11-ce233b859fa1,fda095cb-831d-4601-ad94-846013963de8,f92806d7-1768-443f-afe8-12bcde84d0f0,dd3a144d-ab7f-41f0-82b8-2e43a090d496,f0416e68-0200-4b77-a926-4f9d16e494da,970b0598-bcb0-4714-91fb-2e81440dccd8,bcd64cc6-2dd9-43f6-abbe-66318d332032,d930590d-bb92-4cc8-8bd1-23cd027f9edf,a3cd009f-0ab0-420d-9278-b9fdab939bbc,6a2d0734-bd9e-4ddf-946e-caa52498cb75,c27215d8-6835-4b68-bfbb-bdeac6100c04,b5d6115f-0370-4d7c-aad3-c194cc71cf98,871c3b6c-7379-419d-bda3-794b239ab90d,ff9b0199-ce04-4cfe-86cc-6c719f08d6e4,de1c2107-70c8-4021-8459-6399f24d01c6,cbf30902-517f-40dc-af90-a550bac27cf1,5c601d96-e4c7-4698-991b-7ee674b11079
12-15-2025 16:44:12-debug:   Number of all scenes: 1
12-15-2025 16:44:12-debug:   Number of all scripts: 10
12-15-2025 16:44:12-debug:   Number of other assets: 347
12-15-2025 16:44:12-debug: Init bundle root assets success..., progress: 0%
12-15-2025 16:44:12-debug: // ---- build task Query asset bundle ---- (5ms)
12-15-2025 16:44:12-log: run build task Query asset bundle success in 5 ms√, progress: 5%
12-15-2025 16:44:12-debug: [Build Memory track]: Query asset bundle start:236.44MB, end 236.99MB, increase: 566.50KB
12-15-2025 16:44:12-debug: Query asset bundle start, progress: 5%
12-15-2025 16:44:12-debug: // ---- build task Query asset bundle ----
12-15-2025 16:44:12-debug: // ---- build task Query asset bundle ---- (1ms)
12-15-2025 16:44:12-log: run build task Query asset bundle success in 1 ms√, progress: 10%
12-15-2025 16:44:12-debug: [Build Memory track]: Query asset bundle start:237.02MB, end 237.10MB, increase: 86.83KB
12-15-2025 16:44:12-debug: Sort some build options to settings.json start, progress: 10%
12-15-2025 16:44:12-debug: // ---- build task Sort some build options to settings.json ----
12-15-2025 16:44:12-debug: // ---- build task Sort some build options to settings.json ---- (1ms)
12-15-2025 16:44:12-debug: [Build Memory track]: Sort some build options to settings.json start:237.13MB, end 237.16MB, increase: 26.64KB
12-15-2025 16:44:12-debug: Fill script data to settings start, progress: 12%
12-15-2025 16:44:12-debug: // ---- build task Fill script data to settings ----
12-15-2025 16:44:12-log: run build task Sort some build options to settings.json success in 1 ms√, progress: 12%
12-15-2025 16:44:12-debug: // ---- build task Fill script data to settings ---- (1ms)
12-15-2025 16:44:12-log: run build task Fill script data to settings success in 1 ms√, progress: 13%
12-15-2025 16:44:12-debug: Sort some build options to settings.json start, progress: 13%
12-15-2025 16:44:12-debug: [Build Memory track]: Fill script data to settings start:237.19MB, end 237.21MB, increase: 26.79KB
12-15-2025 16:44:12-debug: // ---- build task Sort some build options to settings.json ----
12-15-2025 16:44:12-debug: // ---- build task Sort some build options to settings.json ---- (3ms)
12-15-2025 16:44:12-log: run build task Sort some build options to settings.json success in 3 ms√, progress: 15%
12-15-2025 16:44:12-debug: [Build Memory track]: Sort some build options to settings.json start:237.24MB, end 237.37MB, increase: 134.03KB
12-15-2025 16:44:14-debug: refresh db internal success
12-15-2025 16:44:14-debug: refresh db assets success
12-15-2025 16:44:14-debug: Run asset db hook engine-extends:afterRefresh ...
12-15-2025 16:44:14-debug: Run asset db hook engine-extends:afterRefresh success!
12-15-2025 16:44:14-debug: asset-db:refresh-all-database (60ms)
12-15-2025 16:44:14-debug: asset-db:worker-effect-data-processing (1ms)
12-15-2025 16:44:14-debug: asset-db-hook-engine-extends-afterRefresh (1ms)
12-15-2025 16:44:14-warn: Please set the application in {preferences} -> {program} -> {scriptEditor} to better open the script
12-15-2025 16:44:16-debug: refresh db internal success
12-15-2025 16:44:16-debug: refresh db assets success
12-15-2025 16:44:16-debug: Run asset db hook engine-extends:afterRefresh ...
12-15-2025 16:44:16-debug: Run asset db hook engine-extends:afterRefresh success!
12-15-2025 16:44:16-debug: asset-db:refresh-all-database (74ms)
12-15-2025 16:44:16-debug: asset-db:worker-effect-data-processing (1ms)
12-15-2025 16:44:16-debug: asset-db-hook-engine-extends-afterRefresh (1ms)
12-15-2025 16:44:24-debug: Query all assets info in project
12-15-2025 16:44:24-debug: init custom config: keepNodeUuid: false, useCache: true
12-15-2025 16:44:24-debug: Skip compress image, progress: 0%
12-15-2025 16:44:24-debug: Init all bundles start..., progress: 0%
12-15-2025 16:44:24-debug: Num of bundles: 2..., progress: 0%
12-15-2025 16:44:24-debug: Query asset bundle start, progress: 0%
12-15-2025 16:44:24-debug: // ---- build task Query asset bundle ----
12-15-2025 16:44:24-debug: Init bundle root assets start..., progress: 0%
12-15-2025 16:44:24-debug: Query preload assets/scripts from cc.config.json: 60f7195c-ec2a-45eb-ba94-8955f60e81d0,1c02ae6f-4492-4915-b8f8-7492a3b1e4cd,810e96e4-e456-4468-9b59-f4e8f39732c0,efe8e2a3-eace-427b-b4f1-cb8a937ec77d,e9aa9a3e-5b2b-4ac7-a2c7-073de2b2b24f,8bbdbcdd-5cd4-4100-b6d5-b7c9625b6107,50f4348b-c883-4e2f-8f11-ce233b859fa1,fda095cb-831d-4601-ad94-846013963de8,f92806d7-1768-443f-afe8-12bcde84d0f0,dd3a144d-ab7f-41f0-82b8-2e43a090d496,f0416e68-0200-4b77-a926-4f9d16e494da,970b0598-bcb0-4714-91fb-2e81440dccd8,bcd64cc6-2dd9-43f6-abbe-66318d332032,d930590d-bb92-4cc8-8bd1-23cd027f9edf,a3cd009f-0ab0-420d-9278-b9fdab939bbc,6a2d0734-bd9e-4ddf-946e-caa52498cb75,c27215d8-6835-4b68-bfbb-bdeac6100c04,b5d6115f-0370-4d7c-aad3-c194cc71cf98,871c3b6c-7379-419d-bda3-794b239ab90d,ff9b0199-ce04-4cfe-86cc-6c719f08d6e4,de1c2107-70c8-4021-8459-6399f24d01c6,cbf30902-517f-40dc-af90-a550bac27cf1,5c601d96-e4c7-4698-991b-7ee674b11079
12-15-2025 16:44:24-debug:   Number of all scenes: 1
12-15-2025 16:44:24-debug:   Number of all scripts: 10
12-15-2025 16:44:24-debug: Init bundle root assets success..., progress: 0%
12-15-2025 16:44:24-debug: // ---- build task Query asset bundle ---- (5ms)
12-15-2025 16:44:24-debug: [Build Memory track]: Query asset bundle start:240.88MB, end 238.17MB, increase: -2774.78KB
12-15-2025 16:44:24-debug: Query asset bundle start, progress: 5%
12-15-2025 16:44:24-debug: // ---- build task Query asset bundle ----
12-15-2025 16:44:24-log: run build task Query asset bundle success in 5 ms√, progress: 5%
12-15-2025 16:44:24-debug:   Number of other assets: 347
12-15-2025 16:44:24-debug: // ---- build task Query asset bundle ---- (3ms)
12-15-2025 16:44:24-log: run build task Query asset bundle success in 3 ms√, progress: 10%
12-15-2025 16:44:24-debug: Sort some build options to settings.json start, progress: 10%
12-15-2025 16:44:24-debug: [Build Memory track]: Query asset bundle start:238.20MB, end 238.29MB, increase: 97.13KB
12-15-2025 16:44:24-debug: // ---- build task Sort some build options to settings.json ----
12-15-2025 16:44:24-debug: // ---- build task Sort some build options to settings.json ---- (1ms)
12-15-2025 16:44:24-log: run build task Sort some build options to settings.json success in 1 ms√, progress: 12%
12-15-2025 16:44:24-debug: Fill script data to settings start, progress: 12%
12-15-2025 16:44:24-debug: [Build Memory track]: Sort some build options to settings.json start:238.32MB, end 238.36MB, increase: 35.09KB
12-15-2025 16:44:24-debug: // ---- build task Fill script data to settings ----
12-15-2025 16:44:24-debug: // ---- build task Fill script data to settings ---- (1ms)
12-15-2025 16:44:24-debug: [Build Memory track]: Fill script data to settings start:238.39MB, end 238.41MB, increase: 27.09KB
12-15-2025 16:44:24-debug: Sort some build options to settings.json start, progress: 13%
12-15-2025 16:44:24-log: run build task Fill script data to settings success in 1 ms√, progress: 13%
12-15-2025 16:44:24-debug: // ---- build task Sort some build options to settings.json ----
12-15-2025 16:44:24-debug: // ---- build task Sort some build options to settings.json ---- (3ms)
12-15-2025 16:44:24-log: run build task Sort some build options to settings.json success in 3 ms√, progress: 15%
12-15-2025 16:44:24-debug: [Build Memory track]: Sort some build options to settings.json start:238.44MB, end 238.57MB, increase: 131.79KB
12-15-2025 17:00:53-debug: refresh db internal success
12-15-2025 17:00:53-debug: %cDestroy%c: C:\Users\PC\Desktop\Slot_Assignment\assets\scripts\MainFunctional.tsbackground: #ffb8b8; color: #000;color: #000;
12-15-2025 17:00:53-debug: %cDestroy%c: C:\Users\PC\Desktop\Slot_Assignment\assets\scripts\MainFunctional copy.tsbackground: #ffb8b8; color: #000;color: #000;
12-15-2025 17:00:53-debug: %cImport%c: C:\Users\PC\Desktop\Slot_Assignment\assets\scriptsbackground: #aaff85; color: #000;color: #000;
12-15-2025 17:00:53-debug: %cImport%c: C:\Users\PC\Desktop\Slot_Assignment\assets\scripts\Main.tsbackground: #aaff85; color: #000;color: #000;
12-15-2025 17:00:53-debug: refresh db assets success
12-15-2025 17:00:53-debug: Run asset db hook engine-extends:afterRefresh ...
12-15-2025 17:00:53-debug: Run asset db hook engine-extends:afterRefresh success!
12-15-2025 17:00:53-debug: asset-db:refresh-all-database (60ms)
12-15-2025 17:00:53-debug: asset-db-hook-engine-extends-afterRefresh (1ms)
12-15-2025 17:00:58-debug: refresh db internal success
12-15-2025 17:00:58-debug: refresh db assets success
12-15-2025 17:00:58-debug: Run asset db hook engine-extends:afterRefresh ...
12-15-2025 17:00:58-debug: Run asset db hook engine-extends:afterRefresh success!
12-15-2025 17:00:58-debug: asset-db:refresh-all-database (57ms)
12-15-2025 17:00:58-debug: asset-db:worker-effect-data-processing (1ms)
12-15-2025 17:00:58-debug: asset-db-hook-engine-extends-afterRefresh (1ms)
