12-15-2025 15:37:57-log: Cannot access game frame or container.
12-15-2025 15:37:58-debug: asset-db:require-engine-code (555ms)
12-15-2025 15:37:58-log: meshopt wasm decoder initialized
12-15-2025 15:37:58-log: [bullet]:bullet wasm lib loaded.
12-15-2025 15:37:58-log: [box2d]:box2d wasm lib loaded.
12-15-2025 15:37:58-log: Cocos Creator v3.8.7
12-15-2025 15:37:58-log: Using legacy pipeline
12-15-2025 15:37:58-log: Forward render pipeline initialized.
12-15-2025 15:37:58-debug: [Assets Memory track]: asset-db:worker-init: initEngine start:32.67MB, end 79.72MB, increase: 47.05MB
12-15-2025 15:38:00-debug: [Assets Memory track]: asset-db:worker-init: initPlugin start:79.87MB, end 320.47MB, increase: 240.60MB
12-15-2025 15:38:00-debug: run package(im-plugin) handler(enable) start
12-15-2025 15:38:00-debug: run package(im-plugin) handler(enable) success!
12-15-2025 15:38:00-debug: run package(placeholder) handler(enable) success!
12-15-2025 15:38:00-debug: run package(placeholder) handler(enable) start
12-15-2025 15:38:00-debug: asset-db:worker-init: initPlugin (1763ms)
12-15-2025 15:38:00-debug: [Assets Memory track]: asset-db:worker-init start:32.66MB, end 320.69MB, increase: 288.03MB
12-15-2025 15:38:00-debug: Run asset db hook programming:beforePreStart ...
12-15-2025 15:38:00-debug: Run asset db hook engine-extends:beforePreStart ...
12-15-2025 15:38:00-debug: Run asset db hook programming:beforePreStart success!
12-15-2025 15:38:00-debug: Run asset db hook engine-extends:beforePreStart success!
12-15-2025 15:38:00-debug: Preimport db  success
12-15-2025 15:38:00-debug: Run asset db hook programming:afterPreStart ...
12-15-2025 15:38:00-debug: Preimport db  success
12-15-2025 15:38:00-debug: starting packer-driver...
12-15-2025 15:38:00-debug: asset-db:worker-init (2680ms)
12-15-2025 15:38:00-debug: asset-db-hook-programming-beforePreStart (49ms)
12-15-2025 15:38:00-debug: asset-db-hook-engine-extends-beforePreStart (49ms)
12-15-2025 15:38:00-debug: initialize scripting environment...
12-15-2025 15:38:00-debug: [[Executor]] prepare before lock
12-15-2025 15:38:00-debug: Set detail map pack:///resolution-detail-map.json: {}
12-15-2025 15:38:00-debug: [[Executor]] prepare after unlock
12-15-2025 15:38:00-debug: Run asset db hook programming:afterPreStart success!
12-15-2025 15:38:00-debug: Run asset db hook engine-extends:afterPreStart ...
12-15-2025 15:38:00-debug: Start up the 'internal' database...
12-15-2025 15:38:00-debug: Run asset db hook engine-extends:afterPreStart success!
12-15-2025 15:38:02-debug: asset-db:worker-effect-data-processing (1913ms)
12-15-2025 15:38:02-debug: asset-db-hook-programming-afterPreStart (2084ms)
12-15-2025 15:38:02-debug: asset-db-hook-engine-extends-afterPreStart (1913ms)
12-15-2025 15:38:03-debug: Run asset db hook engine-extends:afterStartDB ...
12-15-2025 15:38:03-debug: Run asset db hook engine-extends:afterStartDB success!
12-15-2025 15:38:03-debug: Start up the 'assets' database...
12-15-2025 15:38:03-debug: %cImport%c: C:\Users\PC\Desktop\Slot_Assignment\assets\scripts\Main.tsbackground: #aaff85; color: #000;color: #000;
12-15-2025 15:38:03-debug: recompile effect.bin success
12-15-2025 15:38:03-debug: asset-db:worker-effect-data-processing (177ms)
12-15-2025 15:38:03-debug: asset-db-hook-engine-extends-afterStartDB (179ms)
12-15-2025 15:38:03-debug: Run asset db hook engine-extends:afterStartDB ...
12-15-2025 15:38:03-debug: recompile effect.bin success
12-15-2025 15:38:03-debug: Run asset db hook engine-extends:afterStartDB success!
12-15-2025 15:38:03-debug: lazy register asset handler text
12-15-2025 15:38:03-debug: lazy register asset handler directory
12-15-2025 15:38:03-debug: lazy register asset handler json
12-15-2025 15:38:03-debug: lazy register asset handler spine-data
12-15-2025 15:38:03-debug: lazy register asset handler dragonbones
12-15-2025 15:38:03-debug: lazy register asset handler dragonbones-atlas
12-15-2025 15:38:03-debug: lazy register asset handler *
12-15-2025 15:38:03-debug: lazy register asset handler javascript
12-15-2025 15:38:03-debug: lazy register asset handler typescript
12-15-2025 15:38:03-debug: lazy register asset handler scene
12-15-2025 15:38:03-debug: lazy register asset handler prefab
12-15-2025 15:38:03-debug: lazy register asset handler sprite-frame
12-15-2025 15:38:03-debug: lazy register asset handler terrain
12-15-2025 15:38:03-debug: lazy register asset handler tiled-map
12-15-2025 15:38:03-debug: lazy register asset handler image
12-15-2025 15:38:03-debug: lazy register asset handler sign-image
12-15-2025 15:38:03-debug: lazy register asset handler alpha-image
12-15-2025 15:38:03-debug: lazy register asset handler buffer
12-15-2025 15:38:03-debug: lazy register asset handler texture
12-15-2025 15:38:03-debug: lazy register asset handler render-texture
12-15-2025 15:38:03-debug: lazy register asset handler texture-cube-face
12-15-2025 15:38:03-debug: lazy register asset handler texture-cube
12-15-2025 15:38:03-debug: lazy register asset handler erp-texture-cube
12-15-2025 15:38:03-debug: lazy register asset handler gltf
12-15-2025 15:38:03-debug: lazy register asset handler gltf-mesh
12-15-2025 15:38:03-debug: lazy register asset handler gltf-animation
12-15-2025 15:38:03-debug: lazy register asset handler rt-sprite-frame
12-15-2025 15:38:03-debug: lazy register asset handler gltf-scene
12-15-2025 15:38:03-debug: lazy register asset handler gltf-material
12-15-2025 15:38:03-debug: lazy register asset handler gltf-embeded-image
12-15-2025 15:38:03-debug: lazy register asset handler gltf-skeleton
12-15-2025 15:38:03-debug: lazy register asset handler material
12-15-2025 15:38:03-debug: lazy register asset handler physics-material
12-15-2025 15:38:03-debug: lazy register asset handler effect
12-15-2025 15:38:03-debug: lazy register asset handler fbx
12-15-2025 15:38:03-debug: lazy register asset handler audio-clip
12-15-2025 15:38:03-debug: lazy register asset handler effect-header
12-15-2025 15:38:03-debug: lazy register asset handler animation-clip
12-15-2025 15:38:03-debug: lazy register asset handler animation-graph-variant
12-15-2025 15:38:03-debug: lazy register asset handler ttf-font
12-15-2025 15:38:03-debug: lazy register asset handler animation-graph
12-15-2025 15:38:03-debug: lazy register asset handler particle
12-15-2025 15:38:03-debug: lazy register asset handler animation-mask
12-15-2025 15:38:03-debug: lazy register asset handler sprite-atlas
12-15-2025 15:38:03-debug: lazy register asset handler bitmap-font
12-15-2025 15:38:03-debug: lazy register asset handler auto-atlas
12-15-2025 15:38:03-debug: lazy register asset handler render-flow
12-15-2025 15:38:03-debug: lazy register asset handler label-atlas
12-15-2025 15:38:03-debug: lazy register asset handler instantiation-material
12-15-2025 15:38:03-debug: lazy register asset handler instantiation-mesh
12-15-2025 15:38:03-debug: lazy register asset handler render-pipeline
12-15-2025 15:38:03-debug: lazy register asset handler instantiation-skeleton
12-15-2025 15:38:03-debug: lazy register asset handler render-stage
12-15-2025 15:38:03-debug: lazy register asset handler video-clip
12-15-2025 15:38:03-debug: lazy register asset handler instantiation-animation
12-15-2025 15:38:03-debug: asset-db:worker-effect-data-processing (186ms)
12-15-2025 15:38:03-debug: asset-db-hook-engine-extends-afterStartDB (187ms)
12-15-2025 15:38:03-debug: asset-db:start-database (3376ms)
12-15-2025 15:38:03-debug: init worker message success
12-15-2025 15:38:03-debug: asset-db:ready (8994ms)
12-15-2025 15:38:03-debug: programming:execute-script (1ms)
12-15-2025 15:38:04-debug: [Build Memory track]: builder:worker-init start:224.82MB, end 234.05MB, increase: 9.22MB
12-15-2025 15:38:04-debug: builder:worker-init (475ms)
12-15-2025 15:41:58-debug: refresh db internal success
12-15-2025 15:41:58-debug: refresh db assets success
12-15-2025 15:41:58-debug: Run asset db hook engine-extends:afterRefresh ...
12-15-2025 15:41:58-debug: Run asset db hook engine-extends:afterRefresh success!
12-15-2025 15:41:58-debug: asset-db:worker-effect-data-processing (4ms)
12-15-2025 15:41:58-debug: asset-db:refresh-all-database (85ms)
12-15-2025 15:41:58-debug: asset-db-hook-engine-extends-afterRefresh (5ms)
12-15-2025 15:42:20-debug: refresh db internal success
12-15-2025 15:42:20-debug: %cImport%c: C:\Users\PC\Desktop\Slot_Assignment\assets\scripts\Main.tsbackground: #aaff85; color: #000;color: #000;
12-15-2025 15:42:20-debug: refresh db assets success
12-15-2025 15:42:20-debug: Run asset db hook engine-extends:afterRefresh ...
12-15-2025 15:42:20-debug: Run asset db hook engine-extends:afterRefresh success!
12-15-2025 15:42:20-debug: asset-db:worker-effect-data-processing (4ms)
12-15-2025 15:42:20-debug: asset-db:refresh-all-database (67ms)
12-15-2025 15:42:20-debug: asset-db-hook-engine-extends-afterRefresh (4ms)
